[INFO] parameterize: Database loaded from ps_pmma.db
[DEBUG] parameterize:   Hop3 atom types: 72
[DEBUG] parameterize:   Hop2 atom types: 48
[DEBUG] parameterize:   Hop1 atom types: 25
[DEBUG] parameterize:   Hop0 atom types: 11
[DEBUG] parameterize:   Bond types: 19
[DEBUG] parameterize:   Angle types: 43
[DEBUG] parameterize:   Dihedral types: 67
[DEBUG] parameterize:   Improper types: 24
[INFO] parameterize: Parameterizing molecule: 50_ps_50_pmma.mol
[DEBUG] parameterize:   Atom 1: element=C, lammps_type=39
[DEBUG] parameterize:   Atom 2: element=C, lammps_type=41
[DEBUG] parameterize:   Atom 3: element=H, lammps_type=42
[DEBUG] parameterize:   Atom 4: element=H, lammps_type=42
[DEBUG] parameterize:   Atom 5: element=C, lammps_type=44
[DEBUG] parameterize:   Atom 6: element=C, lammps_type=43
[DEBUG] parameterize:   Atom 7: element=H, lammps_type=45
[DEBUG] parameterize:   Atom 8: element=O, lammps_type=47
[DEBUG] parameterize:   Atom 9: element=O, lammps_type=48
[DEBUG] parameterize:   Atom 10: element=H, lammps_type=46
[DEBUG] parameterize:   Atom 11: element=H, lammps_type=46
[DEBUG] parameterize:   Atom 12: element=H, lammps_type=46
[DEBUG] parameterize:   Atom 13: element=C, lammps_type=50
[DEBUG] parameterize:   Atom 14: element=H, lammps_type=49
[DEBUG] parameterize:   Atom 15: element=H, lammps_type=49
[DEBUG] parameterize:   Atom 16: element=H, lammps_type=49
[DEBUG] parameterize:   Atom 17: element=C, lammps_type=28
[DEBUG] parameterize:   Atom 18: element=C, lammps_type=38
[DEBUG] parameterize:   Atom 19: element=H, lammps_type=32
[DEBUG] parameterize:   Atom 20: element=H, lammps_type=32
[DEBUG] parameterize:   Atom 21: element=C, lammps_type=30
[DEBUG] parameterize:   Atom 22: element=C, lammps_type=29
[DEBUG] parameterize:   Atom 23: element=O, lammps_type=34
[DEBUG] parameterize:   Atom 24: element=O, lammps_type=35
[DEBUG] parameterize:   Atom 25: element=H, lammps_type=33
[DEBUG] parameterize:   Atom 26: element=H, lammps_type=33
[DEBUG] parameterize:   Atom 27: element=H, lammps_type=33
[DEBUG] parameterize:   Atom 28: element=C, lammps_type=40
[DEBUG] parameterize:   Atom 29: element=H, lammps_type=49
[DEBUG] parameterize:   Atom 30: element=H, lammps_type=49
[DEBUG] parameterize:   Atom 31: element=H, lammps_type=49
[DEBUG] parameterize:   Atom 32: element=C, lammps_type=51
[DEBUG] parameterize:   Atom 33: element=C, lammps_type=31
[DEBUG] parameterize:   Atom 34: element=H, lammps_type=32
[DEBUG] parameterize:   Atom 35: element=H, lammps_type=32
[DEBUG] parameterize:   Atom 36: element=C, lammps_type=37
[DEBUG] parameterize:   Atom 37: element=C, lammps_type=36
[DEBUG] parameterize:   Atom 38: element=O, lammps_type=34
[DEBUG] parameterize:   Atom 39: element=O, lammps_type=35
[DEBUG] parameterize:   Atom 40: element=H, lammps_type=33
[DEBUG] parameterize:   Atom 41: element=H, lammps_type=33
[DEBUG] parameterize:   Atom 42: element=H, lammps_type=33
[DEBUG] parameterize:   Atom 43: element=C, lammps_type=40
[DEBUG] parameterize:   Atom 44: element=H, lammps_type=49
[DEBUG] parameterize:   Atom 45: element=H, lammps_type=49
[DEBUG] parameterize:   Atom 46: element=H, lammps_type=49
[DEBUG] parameterize:   Atom 47: element=C, lammps_type=51
[DEBUG] parameterize:   Atom 48: element=C, lammps_type=31
[DEBUG] parameterize:   Atom 49: element=H, lammps_type=32
[DEBUG] parameterize:   Atom 50: element=H, lammps_type=32
[DEBUG] parameterize:   Atom 51: element=C, lammps_type=37
[DEBUG] parameterize:   Atom 52: element=C, lammps_type=36
[DEBUG] parameterize:   Atom 53: element=O, lammps_type=34
[DEBUG] parameterize:   Atom 54: element=O, lammps_type=35
[DEBUG] parameterize:   Atom 55: element=H, lammps_type=33
[DEBUG] parameterize:   Atom 56: element=H, lammps_type=33
[DEBUG] parameterize:   Atom 57: element=H, lammps_type=33
[DEBUG] parameterize:   Atom 58: element=C, lammps_type=40
[DEBUG] parameterize:   Atom 59: element=H, lammps_type=49
[DEBUG] parameterize:   Atom 60: element=H, lammps_type=49
[DEBUG] parameterize:   Atom 61: element=H, lammps_type=49
[DEBUG] parameterize:   Atom 62: element=C, lammps_type=51
[DEBUG] parameterize:   Atom 63: element=C, lammps_type=31
[DEBUG] parameterize:   Atom 64: element=H, lammps_type=32
[DEBUG] parameterize:   Atom 65: element=H, lammps_type=32
[DEBUG] parameterize:   Atom 66: element=C, lammps_type=37
[DEBUG] parameterize:   Atom 67: element=C, lammps_type=36
[DEBUG] parameterize:   Atom 68: element=O, lammps_type=34
[DEBUG] parameterize:   Atom 69: element=O, lammps_type=35
[DEBUG] parameterize:   Atom 70: element=H, lammps_type=33
[DEBUG] parameterize:   Atom 71: element=H, lammps_type=33
[DEBUG] parameterize:   Atom 72: element=H, lammps_type=33
[DEBUG] parameterize:   Atom 73: element=C, lammps_type=40
[DEBUG] parameterize:   Atom 74: element=H, lammps_type=49
[DEBUG] parameterize:   Atom 75: element=H, lammps_type=49
[DEBUG] parameterize:   Atom 76: element=H, lammps_type=49
[DEBUG] parameterize:   Atom 77: element=C, lammps_type=51
[DEBUG] parameterize:   Atom 78: element=C, lammps_type=31
[DEBUG] parameterize:   Atom 79: element=H, lammps_type=32
[DEBUG] parameterize:   Atom 80: element=H, lammps_type=32
[DEBUG] parameterize:   Atom 81: element=C, lammps_type=37
[DEBUG] parameterize:   Atom 82: element=C, lammps_type=36
[DEBUG] parameterize:   Atom 83: element=O, lammps_type=34
[DEBUG] parameterize:   Atom 84: element=O, lammps_type=35
[DEBUG] parameterize:   Atom 85: element=H, lammps_type=33
[DEBUG] parameterize:   Atom 86: element=H, lammps_type=33
[DEBUG] parameterize:   Atom 87: element=H, lammps_type=33
[DEBUG] parameterize:   Atom 88: element=C, lammps_type=40
[DEBUG] parameterize:   Atom 89: element=H, lammps_type=49
[DEBUG] parameterize:   Atom 90: element=H, lammps_type=49
[DEBUG] parameterize:   Atom 91: element=H, lammps_type=49
[DEBUG] parameterize:   Atom 92: element=C, lammps_type=51
[DEBUG] parameterize:   Atom 93: element=C, lammps_type=31
[DEBUG] parameterize:   Atom 94: element=H, lammps_type=32
[DEBUG] parameterize:   Atom 95: element=H, lammps_type=32
[DEBUG] parameterize:   Atom 96: element=C, lammps_type=37
[DEBUG] parameterize:   Atom 97: element=C, lammps_type=36
[DEBUG] parameterize:   Atom 98: element=O, lammps_type=34
[DEBUG] parameterize:   Atom 99: element=O, lammps_type=35
[DEBUG] parameterize:   Atom 100: element=H, lammps_type=33
[DEBUG] parameterize:   Atom 101: element=H, lammps_type=33
[DEBUG] parameterize:   Atom 102: element=H, lammps_type=33
[DEBUG] parameterize:   Atom 103: element=C, lammps_type=40
[DEBUG] parameterize:   Atom 104: element=H, lammps_type=49
[DEBUG] parameterize:   Atom 105: element=H, lammps_type=49
[DEBUG] parameterize:   Atom 106: element=H, lammps_type=49
[DEBUG] parameterize:   Atom 107: element=C, lammps_type=51
[DEBUG] parameterize:   Atom 108: element=C, lammps_type=31
[DEBUG] parameterize:   Atom 109: element=H, lammps_type=32
[DEBUG] parameterize:   Atom 110: element=H, lammps_type=32
[DEBUG] parameterize:   Atom 111: element=C, lammps_type=37
[DEBUG] parameterize:   Atom 112: element=C, lammps_type=36
[DEBUG] parameterize:   Atom 113: element=O, lammps_type=34
[DEBUG] parameterize:   Atom 114: element=O, lammps_type=35
[DEBUG] parameterize:   Atom 115: element=H, lammps_type=33
[DEBUG] parameterize:   Atom 116: element=H, lammps_type=33
[DEBUG] parameterize:   Atom 117: element=H, lammps_type=33
[DEBUG] parameterize:   Atom 118: element=C, lammps_type=40
[DEBUG] parameterize:   Atom 119: element=H, lammps_type=49
[DEBUG] parameterize:   Atom 120: element=H, lammps_type=49
[DEBUG] parameterize:   Atom 121: element=H, lammps_type=49
[DEBUG] parameterize:   Atom 122: element=C, lammps_type=51
[DEBUG] parameterize:   Atom 123: element=C, lammps_type=31
[DEBUG] parameterize:   Atom 124: element=H, lammps_type=32
[DEBUG] parameterize:   Atom 125: element=H, lammps_type=32
[DEBUG] parameterize:   Atom 126: element=C, lammps_type=37
[DEBUG] parameterize:   Atom 127: element=C, lammps_type=36
[DEBUG] parameterize:   Atom 128: element=O, lammps_type=34
[DEBUG] parameterize:   Atom 129: element=O, lammps_type=35
[DEBUG] parameterize:   Atom 130: element=H, lammps_type=33
[DEBUG] parameterize:   Atom 131: element=H, lammps_type=33
[DEBUG] parameterize:   Atom 132: element=H, lammps_type=33
[DEBUG] parameterize:   Atom 133: element=C, lammps_type=40
[DEBUG] parameterize:   Atom 134: element=H, lammps_type=49
[DEBUG] parameterize:   Atom 135: element=H, lammps_type=49
[DEBUG] parameterize:   Atom 136: element=H, lammps_type=49
[DEBUG] parameterize:   Atom 137: element=C, lammps_type=51
[DEBUG] parameterize:   Atom 138: element=C, lammps_type=31
[DEBUG] parameterize:   Atom 139: element=H, lammps_type=32
[DEBUG] parameterize:   Atom 140: element=H, lammps_type=32
[DEBUG] parameterize:   Atom 141: element=C, lammps_type=37
[DEBUG] parameterize:   Atom 142: element=C, lammps_type=36
[DEBUG] parameterize:   Atom 143: element=O, lammps_type=34
[DEBUG] parameterize:   Atom 144: element=O, lammps_type=35
[DEBUG] parameterize:   Atom 145: element=H, lammps_type=33
[DEBUG] parameterize:   Atom 146: element=H, lammps_type=33
[DEBUG] parameterize:   Atom 147: element=H, lammps_type=33
[DEBUG] parameterize:   Atom 148: element=C, lammps_type=40
[DEBUG] parameterize:   Atom 149: element=H, lammps_type=49
[DEBUG] parameterize:   Atom 150: element=H, lammps_type=49
[DEBUG] parameterize:   Atom 151: element=H, lammps_type=49
[DEBUG] parameterize:   Atom 152: element=C, lammps_type=51
[DEBUG] parameterize:   Atom 153: element=C, lammps_type=31
[DEBUG] parameterize:   Atom 154: element=H, lammps_type=32
[DEBUG] parameterize:   Atom 155: element=H, lammps_type=32
[DEBUG] parameterize:   Atom 156: element=C, lammps_type=37
[DEBUG] parameterize:   Atom 157: element=C, lammps_type=36
[DEBUG] parameterize:   Atom 158: element=O, lammps_type=34
[DEBUG] parameterize:   Atom 159: element=O, lammps_type=35
[DEBUG] parameterize:   Atom 160: element=H, lammps_type=33
[DEBUG] parameterize:   Atom 161: element=H, lammps_type=33
[DEBUG] parameterize:   Atom 162: element=H, lammps_type=33
[DEBUG] parameterize:   Atom 163: element=C, lammps_type=40
[DEBUG] parameterize:   Atom 164: element=H, lammps_type=49
[DEBUG] parameterize:   Atom 165: element=H, lammps_type=49
[DEBUG] parameterize:   Atom 166: element=H, lammps_type=49
[DEBUG] parameterize:   Atom 167: element=C, lammps_type=51
[DEBUG] parameterize:   Atom 168: element=C, lammps_type=31
[DEBUG] parameterize:   Atom 169: element=H, lammps_type=32
[DEBUG] parameterize:   Atom 170: element=H, lammps_type=32
[DEBUG] parameterize:   Atom 171: element=C, lammps_type=37
[DEBUG] parameterize:   Atom 172: element=C, lammps_type=36
[DEBUG] parameterize:   Atom 173: element=O, lammps_type=34
[DEBUG] parameterize:   Atom 174: element=O, lammps_type=35
[DEBUG] parameterize:   Atom 175: element=H, lammps_type=33
[DEBUG] parameterize:   Atom 176: element=H, lammps_type=33
[DEBUG] parameterize:   Atom 177: element=H, lammps_type=33
[DEBUG] parameterize:   Atom 178: element=C, lammps_type=40
[DEBUG] parameterize:   Atom 179: element=H, lammps_type=49
[DEBUG] parameterize:   Atom 180: element=H, lammps_type=49
[DEBUG] parameterize:   Atom 181: element=H, lammps_type=49
[DEBUG] parameterize:   Atom 182: element=C, lammps_type=51
[DEBUG] parameterize:   Atom 183: element=C, lammps_type=31
[DEBUG] parameterize:   Atom 184: element=H, lammps_type=32
[DEBUG] parameterize:   Atom 185: element=H, lammps_type=32
[DEBUG] parameterize:   Atom 186: element=C, lammps_type=37
[DEBUG] parameterize:   Atom 187: element=C, lammps_type=36
[DEBUG] parameterize:   Atom 188: element=O, lammps_type=34
[DEBUG] parameterize:   Atom 189: element=O, lammps_type=35
[DEBUG] parameterize:   Atom 190: element=H, lammps_type=33
[DEBUG] parameterize:   Atom 191: element=H, lammps_type=33
[DEBUG] parameterize:   Atom 192: element=H, lammps_type=33
[DEBUG] parameterize:   Atom 193: element=C, lammps_type=40
[DEBUG] parameterize:   Atom 194: element=H, lammps_type=49
[DEBUG] parameterize:   Atom 195: element=H, lammps_type=49
[DEBUG] parameterize:   Atom 196: element=H, lammps_type=49
[DEBUG] parameterize:   Atom 197: element=C, lammps_type=51
[DEBUG] parameterize:   Atom 198: element=C, lammps_type=31
[DEBUG] parameterize:   Atom 199: element=H, lammps_type=32
[DEBUG] parameterize:   Atom 200: element=H, lammps_type=32
[DEBUG] parameterize:   Atom 201: element=C, lammps_type=37
[DEBUG] parameterize:   Atom 202: element=C, lammps_type=36
[DEBUG] parameterize:   Atom 203: element=O, lammps_type=34
[DEBUG] parameterize:   Atom 204: element=O, lammps_type=35
[DEBUG] parameterize:   Atom 205: element=H, lammps_type=33
[DEBUG] parameterize:   Atom 206: element=H, lammps_type=33
[DEBUG] parameterize:   Atom 207: element=H, lammps_type=33
[DEBUG] parameterize:   Atom 208: element=C, lammps_type=40
[DEBUG] parameterize:   Atom 209: element=H, lammps_type=49
[DEBUG] parameterize:   Atom 210: element=H, lammps_type=49
[DEBUG] parameterize:   Atom 211: element=H, lammps_type=49
[DEBUG] parameterize:   Atom 212: element=C, lammps_type=51
[DEBUG] parameterize:   Atom 213: element=C, lammps_type=31
[DEBUG] parameterize:   Atom 214: element=H, lammps_type=32
[DEBUG] parameterize:   Atom 215: element=H, lammps_type=32
[DEBUG] parameterize:   Atom 216: element=C, lammps_type=37
[DEBUG] parameterize:   Atom 217: element=C, lammps_type=36
[DEBUG] parameterize:   Atom 218: element=O, lammps_type=34
[DEBUG] parameterize:   Atom 219: element=O, lammps_type=35
[DEBUG] parameterize:   Atom 220: element=H, lammps_type=33
[DEBUG] parameterize:   Atom 221: element=H, lammps_type=33
[DEBUG] parameterize:   Atom 222: element=H, lammps_type=33
[DEBUG] parameterize:   Atom 223: element=C, lammps_type=40
[DEBUG] parameterize:   Atom 224: element=H, lammps_type=49
[DEBUG] parameterize:   Atom 225: element=H, lammps_type=49
[DEBUG] parameterize:   Atom 226: element=H, lammps_type=49
[DEBUG] parameterize:   Atom 227: element=C, lammps_type=51
[DEBUG] parameterize:   Atom 228: element=C, lammps_type=31
[DEBUG] parameterize:   Atom 229: element=H, lammps_type=32
[DEBUG] parameterize:   Atom 230: element=H, lammps_type=32
[DEBUG] parameterize:   Atom 231: element=C, lammps_type=37
[DEBUG] parameterize:   Atom 232: element=C, lammps_type=36
[DEBUG] parameterize:   Atom 233: element=O, lammps_type=34
[DEBUG] parameterize:   Atom 234: element=O, lammps_type=35
[DEBUG] parameterize:   Atom 235: element=H, lammps_type=33
[DEBUG] parameterize:   Atom 236: element=H, lammps_type=33
[DEBUG] parameterize:   Atom 237: element=H, lammps_type=33
[DEBUG] parameterize:   Atom 238: element=C, lammps_type=40
[DEBUG] parameterize:   Atom 239: element=H, lammps_type=49
[DEBUG] parameterize:   Atom 240: element=H, lammps_type=49
[DEBUG] parameterize:   Atom 241: element=H, lammps_type=49
[DEBUG] parameterize:   Atom 242: element=C, lammps_type=51
[DEBUG] parameterize:   Atom 243: element=C, lammps_type=31
[DEBUG] parameterize:   Atom 244: element=H, lammps_type=32
[DEBUG] parameterize:   Atom 245: element=H, lammps_type=32
[DEBUG] parameterize:   Atom 246: element=C, lammps_type=37
[DEBUG] parameterize:   Atom 247: element=C, lammps_type=36
[DEBUG] parameterize:   Atom 248: element=O, lammps_type=34
[DEBUG] parameterize:   Atom 249: element=O, lammps_type=35
[DEBUG] parameterize:   Atom 250: element=H, lammps_type=33
[DEBUG] parameterize:   Atom 251: element=H, lammps_type=33
[DEBUG] parameterize:   Atom 252: element=H, lammps_type=33
[DEBUG] parameterize:   Atom 253: element=C, lammps_type=40
[DEBUG] parameterize:   Atom 254: element=H, lammps_type=49
[DEBUG] parameterize:   Atom 255: element=H, lammps_type=49
[DEBUG] parameterize:   Atom 256: element=H, lammps_type=49
[DEBUG] parameterize:   Atom 257: element=C, lammps_type=51
[DEBUG] parameterize:   Atom 258: element=C, lammps_type=31
[DEBUG] parameterize:   Atom 259: element=H, lammps_type=32
[DEBUG] parameterize:   Atom 260: element=H, lammps_type=32
[DEBUG] parameterize:   Atom 261: element=C, lammps_type=37
[DEBUG] parameterize:   Atom 262: element=C, lammps_type=36
[DEBUG] parameterize:   Atom 263: element=O, lammps_type=34
[DEBUG] parameterize:   Atom 264: element=O, lammps_type=35
[DEBUG] parameterize:   Atom 265: element=H, lammps_type=33
[DEBUG] parameterize:   Atom 266: element=H, lammps_type=33
[DEBUG] parameterize:   Atom 267: element=H, lammps_type=33
[DEBUG] parameterize:   Atom 268: element=C, lammps_type=40
[DEBUG] parameterize:   Atom 269: element=H, lammps_type=49
[DEBUG] parameterize:   Atom 270: element=H, lammps_type=49
[DEBUG] parameterize:   Atom 271: element=H, lammps_type=49
[DEBUG] parameterize:   Atom 272: element=C, lammps_type=51
[DEBUG] parameterize:   Atom 273: element=C, lammps_type=31
[DEBUG] parameterize:   Atom 274: element=H, lammps_type=32
[DEBUG] parameterize:   Atom 275: element=H, lammps_type=32
[DEBUG] parameterize:   Atom 276: element=C, lammps_type=37
[DEBUG] parameterize:   Atom 277: element=C, lammps_type=36
[DEBUG] parameterize:   Atom 278: element=O, lammps_type=34
[DEBUG] parameterize:   Atom 279: element=O, lammps_type=35
[DEBUG] parameterize:   Atom 280: element=H, lammps_type=33
[DEBUG] parameterize:   Atom 281: element=H, lammps_type=33
[DEBUG] parameterize:   Atom 282: element=H, lammps_type=33
[DEBUG] parameterize:   Atom 283: element=C, lammps_type=40
[DEBUG] parameterize:   Atom 284: element=H, lammps_type=49
[DEBUG] parameterize:   Atom 285: element=H, lammps_type=49
[DEBUG] parameterize:   Atom 286: element=H, lammps_type=49
[DEBUG] parameterize:   Atom 287: element=C, lammps_type=51
[DEBUG] parameterize:   Atom 288: element=C, lammps_type=31
[DEBUG] parameterize:   Atom 289: element=H, lammps_type=32
[DEBUG] parameterize:   Atom 290: element=H, lammps_type=32
[DEBUG] parameterize:   Atom 291: element=C, lammps_type=37
[DEBUG] parameterize:   Atom 292: element=C, lammps_type=36
[DEBUG] parameterize:   Atom 293: element=O, lammps_type=34
[DEBUG] parameterize:   Atom 294: element=O, lammps_type=35
[DEBUG] parameterize:   Atom 295: element=H, lammps_type=33
[DEBUG] parameterize:   Atom 296: element=H, lammps_type=33
[DEBUG] parameterize:   Atom 297: element=H, lammps_type=33
[DEBUG] parameterize:   Atom 298: element=C, lammps_type=40
[DEBUG] parameterize:   Atom 299: element=H, lammps_type=49
[DEBUG] parameterize:   Atom 300: element=H, lammps_type=49
[DEBUG] parameterize:   Atom 301: element=H, lammps_type=49
[DEBUG] parameterize:   Atom 302: element=C, lammps_type=51
[DEBUG] parameterize:   Atom 303: element=C, lammps_type=31
[DEBUG] parameterize:   Atom 304: element=H, lammps_type=32
[DEBUG] parameterize:   Atom 305: element=H, lammps_type=32
[DEBUG] parameterize:   Atom 306: element=C, lammps_type=37
[DEBUG] parameterize:   Atom 307: element=C, lammps_type=36
[DEBUG] parameterize:   Atom 308: element=O, lammps_type=34
[DEBUG] parameterize:   Atom 309: element=O, lammps_type=35
[DEBUG] parameterize:   Atom 310: element=H, lammps_type=33
[DEBUG] parameterize:   Atom 311: element=H, lammps_type=33
[DEBUG] parameterize:   Atom 312: element=H, lammps_type=33
[DEBUG] parameterize:   Atom 313: element=C, lammps_type=40
[DEBUG] parameterize:   Atom 314: element=H, lammps_type=49
[DEBUG] parameterize:   Atom 315: element=H, lammps_type=49
[DEBUG] parameterize:   Atom 316: element=H, lammps_type=49
[DEBUG] parameterize:   Atom 317: element=C, lammps_type=51
[DEBUG] parameterize:   Atom 318: element=C, lammps_type=31
[DEBUG] parameterize:   Atom 319: element=H, lammps_type=32
[DEBUG] parameterize:   Atom 320: element=H, lammps_type=32
[DEBUG] parameterize:   Atom 321: element=C, lammps_type=37
[DEBUG] parameterize:   Atom 322: element=C, lammps_type=36
[DEBUG] parameterize:   Atom 323: element=O, lammps_type=34
[DEBUG] parameterize:   Atom 324: element=O, lammps_type=35
[DEBUG] parameterize:   Atom 325: element=H, lammps_type=33
[DEBUG] parameterize:   Atom 326: element=H, lammps_type=33
[DEBUG] parameterize:   Atom 327: element=H, lammps_type=33
[DEBUG] parameterize:   Atom 328: element=C, lammps_type=40
[DEBUG] parameterize:   Atom 329: element=H, lammps_type=49
[DEBUG] parameterize:   Atom 330: element=H, lammps_type=49
[DEBUG] parameterize:   Atom 331: element=H, lammps_type=49
[DEBUG] parameterize:   Atom 332: element=C, lammps_type=51
[DEBUG] parameterize:   Atom 333: element=C, lammps_type=31
[DEBUG] parameterize:   Atom 334: element=H, lammps_type=32
[DEBUG] parameterize:   Atom 335: element=H, lammps_type=32
[DEBUG] parameterize:   Atom 336: element=C, lammps_type=37
[DEBUG] parameterize:   Atom 337: element=C, lammps_type=36
[DEBUG] parameterize:   Atom 338: element=O, lammps_type=34
[DEBUG] parameterize:   Atom 339: element=O, lammps_type=35
[DEBUG] parameterize:   Atom 340: element=H, lammps_type=33
[DEBUG] parameterize:   Atom 341: element=H, lammps_type=33
[DEBUG] parameterize:   Atom 342: element=H, lammps_type=33
[DEBUG] parameterize:   Atom 343: element=C, lammps_type=40
[DEBUG] parameterize:   Atom 344: element=H, lammps_type=49
[DEBUG] parameterize:   Atom 345: element=H, lammps_type=49
[DEBUG] parameterize:   Atom 346: element=H, lammps_type=49
[DEBUG] parameterize:   Atom 347: element=C, lammps_type=51
[DEBUG] parameterize:   Atom 348: element=C, lammps_type=31
[DEBUG] parameterize:   Atom 349: element=H, lammps_type=32
[DEBUG] parameterize:   Atom 350: element=H, lammps_type=32
[DEBUG] parameterize:   Atom 351: element=C, lammps_type=37
[DEBUG] parameterize:   Atom 352: element=C, lammps_type=36
[DEBUG] parameterize:   Atom 353: element=O, lammps_type=34
[DEBUG] parameterize:   Atom 354: element=O, lammps_type=35
[DEBUG] parameterize:   Atom 355: element=H, lammps_type=33
[DEBUG] parameterize:   Atom 356: element=H, lammps_type=33
[DEBUG] parameterize:   Atom 357: element=H, lammps_type=33
[DEBUG] parameterize:   Atom 358: element=C, lammps_type=40
[DEBUG] parameterize:   Atom 359: element=H, lammps_type=49
[DEBUG] parameterize:   Atom 360: element=H, lammps_type=49
[DEBUG] parameterize:   Atom 361: element=H, lammps_type=49
[DEBUG] parameterize:   Atom 362: element=C, lammps_type=51
[DEBUG] parameterize:   Atom 363: element=C, lammps_type=31
[DEBUG] parameterize:   Atom 364: element=H, lammps_type=32
[DEBUG] parameterize:   Atom 365: element=H, lammps_type=32
[DEBUG] parameterize:   Atom 366: element=C, lammps_type=37
[DEBUG] parameterize:   Atom 367: element=C, lammps_type=36
[DEBUG] parameterize:   Atom 368: element=O, lammps_type=34
[DEBUG] parameterize:   Atom 369: element=O, lammps_type=35
[DEBUG] parameterize:   Atom 370: element=H, lammps_type=33
[DEBUG] parameterize:   Atom 371: element=H, lammps_type=33
[DEBUG] parameterize:   Atom 372: element=H, lammps_type=33
[DEBUG] parameterize:   Atom 373: element=C, lammps_type=40
[DEBUG] parameterize:   Atom 374: element=H, lammps_type=49
[DEBUG] parameterize:   Atom 375: element=H, lammps_type=49
[DEBUG] parameterize:   Atom 376: element=H, lammps_type=49
[DEBUG] parameterize:   Atom 377: element=C, lammps_type=51
[DEBUG] parameterize:   Atom 378: element=C, lammps_type=31
[DEBUG] parameterize:   Atom 379: element=H, lammps_type=32
[DEBUG] parameterize:   Atom 380: element=H, lammps_type=32
[DEBUG] parameterize:   Atom 381: element=C, lammps_type=37
[DEBUG] parameterize:   Atom 382: element=C, lammps_type=36
[DEBUG] parameterize:   Atom 383: element=O, lammps_type=34
[DEBUG] parameterize:   Atom 384: element=O, lammps_type=35
[DEBUG] parameterize:   Atom 385: element=H, lammps_type=33
[DEBUG] parameterize:   Atom 386: element=H, lammps_type=33
[DEBUG] parameterize:   Atom 387: element=H, lammps_type=33
[DEBUG] parameterize:   Atom 388: element=C, lammps_type=40
[DEBUG] parameterize:   Atom 389: element=H, lammps_type=49
[DEBUG] parameterize:   Atom 390: element=H, lammps_type=49
[DEBUG] parameterize:   Atom 391: element=H, lammps_type=49
[DEBUG] parameterize:   Atom 392: element=C, lammps_type=51
[DEBUG] parameterize:   Atom 393: element=C, lammps_type=31
[DEBUG] parameterize:   Atom 394: element=H, lammps_type=32
[DEBUG] parameterize:   Atom 395: element=H, lammps_type=32
[DEBUG] parameterize:   Atom 396: element=C, lammps_type=37
[DEBUG] parameterize:   Atom 397: element=C, lammps_type=36
[DEBUG] parameterize:   Atom 398: element=O, lammps_type=34
[DEBUG] parameterize:   Atom 399: element=O, lammps_type=35
[DEBUG] parameterize:   Atom 400: element=H, lammps_type=33
[DEBUG] parameterize:   Atom 401: element=H, lammps_type=33
[DEBUG] parameterize:   Atom 402: element=H, lammps_type=33
[DEBUG] parameterize:   Atom 403: element=C, lammps_type=40
[DEBUG] parameterize:   Atom 404: element=H, lammps_type=49
[DEBUG] parameterize:   Atom 405: element=H, lammps_type=49
[DEBUG] parameterize:   Atom 406: element=H, lammps_type=49
[DEBUG] parameterize:   Atom 407: element=C, lammps_type=51
[DEBUG] parameterize:   Atom 408: element=C, lammps_type=31
[DEBUG] parameterize:   Atom 409: element=H, lammps_type=32
[DEBUG] parameterize:   Atom 410: element=H, lammps_type=32
[DEBUG] parameterize:   Atom 411: element=C, lammps_type=37
[DEBUG] parameterize:   Atom 412: element=C, lammps_type=36
[DEBUG] parameterize:   Atom 413: element=O, lammps_type=34
[DEBUG] parameterize:   Atom 414: element=O, lammps_type=35
[DEBUG] parameterize:   Atom 415: element=H, lammps_type=33
[DEBUG] parameterize:   Atom 416: element=H, lammps_type=33
[DEBUG] parameterize:   Atom 417: element=H, lammps_type=33
[DEBUG] parameterize:   Atom 418: element=C, lammps_type=40
[DEBUG] parameterize:   Atom 419: element=H, lammps_type=49
[DEBUG] parameterize:   Atom 420: element=H, lammps_type=49
[DEBUG] parameterize:   Atom 421: element=H, lammps_type=49
[DEBUG] parameterize:   Atom 422: element=C, lammps_type=51
[DEBUG] parameterize:   Atom 423: element=C, lammps_type=31
[DEBUG] parameterize:   Atom 424: element=H, lammps_type=32
[DEBUG] parameterize:   Atom 425: element=H, lammps_type=32
[DEBUG] parameterize:   Atom 426: element=C, lammps_type=37
[DEBUG] parameterize:   Atom 427: element=C, lammps_type=36
[DEBUG] parameterize:   Atom 428: element=O, lammps_type=34
[DEBUG] parameterize:   Atom 429: element=O, lammps_type=35
[DEBUG] parameterize:   Atom 430: element=H, lammps_type=33
[DEBUG] parameterize:   Atom 431: element=H, lammps_type=33
[DEBUG] parameterize:   Atom 432: element=H, lammps_type=33
[DEBUG] parameterize:   Atom 433: element=C, lammps_type=40
[DEBUG] parameterize:   Atom 434: element=H, lammps_type=49
[DEBUG] parameterize:   Atom 435: element=H, lammps_type=49
[DEBUG] parameterize:   Atom 436: element=H, lammps_type=49
[DEBUG] parameterize:   Atom 437: element=C, lammps_type=51
[DEBUG] parameterize:   Atom 438: element=C, lammps_type=31
[DEBUG] parameterize:   Atom 439: element=H, lammps_type=32
[DEBUG] parameterize:   Atom 440: element=H, lammps_type=32
[DEBUG] parameterize:   Atom 441: element=C, lammps_type=37
[DEBUG] parameterize:   Atom 442: element=C, lammps_type=36
[DEBUG] parameterize:   Atom 443: element=O, lammps_type=34
[DEBUG] parameterize:   Atom 444: element=O, lammps_type=35
[DEBUG] parameterize:   Atom 445: element=H, lammps_type=33
[DEBUG] parameterize:   Atom 446: element=H, lammps_type=33
[DEBUG] parameterize:   Atom 447: element=H, lammps_type=33
[DEBUG] parameterize:   Atom 448: element=C, lammps_type=40
[DEBUG] parameterize:   Atom 449: element=H, lammps_type=49
[DEBUG] parameterize:   Atom 450: element=H, lammps_type=49
[DEBUG] parameterize:   Atom 451: element=H, lammps_type=49
[DEBUG] parameterize:   Atom 452: element=C, lammps_type=51
[DEBUG] parameterize:   Atom 453: element=C, lammps_type=31
[DEBUG] parameterize:   Atom 454: element=H, lammps_type=32
[DEBUG] parameterize:   Atom 455: element=H, lammps_type=32
[DEBUG] parameterize:   Atom 456: element=C, lammps_type=37
[DEBUG] parameterize:   Atom 457: element=C, lammps_type=36
[DEBUG] parameterize:   Atom 458: element=O, lammps_type=34
[DEBUG] parameterize:   Atom 459: element=O, lammps_type=35
[DEBUG] parameterize:   Atom 460: element=H, lammps_type=33
[DEBUG] parameterize:   Atom 461: element=H, lammps_type=33
[DEBUG] parameterize:   Atom 462: element=H, lammps_type=33
[DEBUG] parameterize:   Atom 463: element=C, lammps_type=40
[DEBUG] parameterize:   Atom 464: element=H, lammps_type=49
[DEBUG] parameterize:   Atom 465: element=H, lammps_type=49
[DEBUG] parameterize:   Atom 466: element=H, lammps_type=49
[DEBUG] parameterize:   Atom 467: element=C, lammps_type=51
[DEBUG] parameterize:   Atom 468: element=C, lammps_type=31
[DEBUG] parameterize:   Atom 469: element=H, lammps_type=32
[DEBUG] parameterize:   Atom 470: element=H, lammps_type=32
[DEBUG] parameterize:   Atom 471: element=C, lammps_type=37
[DEBUG] parameterize:   Atom 472: element=C, lammps_type=36
[DEBUG] parameterize:   Atom 473: element=O, lammps_type=34
[DEBUG] parameterize:   Atom 474: element=O, lammps_type=35
[DEBUG] parameterize:   Atom 475: element=H, lammps_type=33
[DEBUG] parameterize:   Atom 476: element=H, lammps_type=33
[DEBUG] parameterize:   Atom 477: element=H, lammps_type=33
[DEBUG] parameterize:   Atom 478: element=C, lammps_type=40
[DEBUG] parameterize:   Atom 479: element=H, lammps_type=49
[DEBUG] parameterize:   Atom 480: element=H, lammps_type=49
[DEBUG] parameterize:   Atom 481: element=H, lammps_type=49
[DEBUG] parameterize:   Atom 482: element=C, lammps_type=51
[DEBUG] parameterize:   Atom 483: element=C, lammps_type=31
[DEBUG] parameterize:   Atom 484: element=H, lammps_type=32
[DEBUG] parameterize:   Atom 485: element=H, lammps_type=32
[DEBUG] parameterize:   Atom 486: element=C, lammps_type=37
[DEBUG] parameterize:   Atom 487: element=C, lammps_type=36
[DEBUG] parameterize:   Atom 488: element=O, lammps_type=34
[DEBUG] parameterize:   Atom 489: element=O, lammps_type=35
[DEBUG] parameterize:   Atom 490: element=H, lammps_type=33
[DEBUG] parameterize:   Atom 491: element=H, lammps_type=33
[DEBUG] parameterize:   Atom 492: element=H, lammps_type=33
[DEBUG] parameterize:   Atom 493: element=C, lammps_type=40
[DEBUG] parameterize:   Atom 494: element=H, lammps_type=49
[DEBUG] parameterize:   Atom 495: element=H, lammps_type=49
[DEBUG] parameterize:   Atom 496: element=H, lammps_type=49
[DEBUG] parameterize:   Atom 497: element=C, lammps_type=51
[DEBUG] parameterize:   Atom 498: element=C, lammps_type=31
[DEBUG] parameterize:   Atom 499: element=H, lammps_type=32
[DEBUG] parameterize:   Atom 500: element=H, lammps_type=32
[DEBUG] parameterize:   Atom 501: element=C, lammps_type=37
[DEBUG] parameterize:   Atom 502: element=C, lammps_type=36
[DEBUG] parameterize:   Atom 503: element=O, lammps_type=34
[DEBUG] parameterize:   Atom 504: element=O, lammps_type=35
[DEBUG] parameterize:   Atom 505: element=H, lammps_type=33
[DEBUG] parameterize:   Atom 506: element=H, lammps_type=33
[DEBUG] parameterize:   Atom 507: element=H, lammps_type=33
[DEBUG] parameterize:   Atom 508: element=C, lammps_type=40
[DEBUG] parameterize:   Atom 509: element=H, lammps_type=49
[DEBUG] parameterize:   Atom 510: element=H, lammps_type=49
[DEBUG] parameterize:   Atom 511: element=H, lammps_type=49
[DEBUG] parameterize:   Atom 512: element=C, lammps_type=51
[DEBUG] parameterize:   Atom 513: element=C, lammps_type=31
[DEBUG] parameterize:   Atom 514: element=H, lammps_type=32
[DEBUG] parameterize:   Atom 515: element=H, lammps_type=32
[DEBUG] parameterize:   Atom 516: element=C, lammps_type=37
[DEBUG] parameterize:   Atom 517: element=C, lammps_type=36
[DEBUG] parameterize:   Atom 518: element=O, lammps_type=34
[DEBUG] parameterize:   Atom 519: element=O, lammps_type=35
[DEBUG] parameterize:   Atom 520: element=H, lammps_type=33
[DEBUG] parameterize:   Atom 521: element=H, lammps_type=33
[DEBUG] parameterize:   Atom 522: element=H, lammps_type=33
[DEBUG] parameterize:   Atom 523: element=C, lammps_type=40
[DEBUG] parameterize:   Atom 524: element=H, lammps_type=49
[DEBUG] parameterize:   Atom 525: element=H, lammps_type=49
[DEBUG] parameterize:   Atom 526: element=H, lammps_type=49
[DEBUG] parameterize:   Atom 527: element=C, lammps_type=51
[DEBUG] parameterize:   Atom 528: element=C, lammps_type=31
[DEBUG] parameterize:   Atom 529: element=H, lammps_type=32
[DEBUG] parameterize:   Atom 530: element=H, lammps_type=32
[DEBUG] parameterize:   Atom 531: element=C, lammps_type=37
[DEBUG] parameterize:   Atom 532: element=C, lammps_type=36
[DEBUG] parameterize:   Atom 533: element=O, lammps_type=34
[DEBUG] parameterize:   Atom 534: element=O, lammps_type=35
[DEBUG] parameterize:   Atom 535: element=H, lammps_type=33
[DEBUG] parameterize:   Atom 536: element=H, lammps_type=33
[DEBUG] parameterize:   Atom 537: element=H, lammps_type=33
[DEBUG] parameterize:   Atom 538: element=C, lammps_type=40
[DEBUG] parameterize:   Atom 539: element=H, lammps_type=49
[DEBUG] parameterize:   Atom 540: element=H, lammps_type=49
[DEBUG] parameterize:   Atom 541: element=H, lammps_type=49
[DEBUG] parameterize:   Atom 542: element=C, lammps_type=51
[DEBUG] parameterize:   Atom 543: element=C, lammps_type=31
[DEBUG] parameterize:   Atom 544: element=H, lammps_type=32
[DEBUG] parameterize:   Atom 545: element=H, lammps_type=32
[DEBUG] parameterize:   Atom 546: element=C, lammps_type=37
[DEBUG] parameterize:   Atom 547: element=C, lammps_type=36
[DEBUG] parameterize:   Atom 548: element=O, lammps_type=34
[DEBUG] parameterize:   Atom 549: element=O, lammps_type=35
[DEBUG] parameterize:   Atom 550: element=H, lammps_type=33
[DEBUG] parameterize:   Atom 551: element=H, lammps_type=33
[DEBUG] parameterize:   Atom 552: element=H, lammps_type=33
[DEBUG] parameterize:   Atom 553: element=C, lammps_type=40
[DEBUG] parameterize:   Atom 554: element=H, lammps_type=49
[DEBUG] parameterize:   Atom 555: element=H, lammps_type=49
[DEBUG] parameterize:   Atom 556: element=H, lammps_type=49
[DEBUG] parameterize:   Atom 557: element=C, lammps_type=51
[DEBUG] parameterize:   Atom 558: element=C, lammps_type=31
[DEBUG] parameterize:   Atom 559: element=H, lammps_type=32
[DEBUG] parameterize:   Atom 560: element=H, lammps_type=32
[DEBUG] parameterize:   Atom 561: element=C, lammps_type=37
[DEBUG] parameterize:   Atom 562: element=C, lammps_type=36
[DEBUG] parameterize:   Atom 563: element=O, lammps_type=34
[DEBUG] parameterize:   Atom 564: element=O, lammps_type=35
[DEBUG] parameterize:   Atom 565: element=H, lammps_type=33
[DEBUG] parameterize:   Atom 566: element=H, lammps_type=33
[DEBUG] parameterize:   Atom 567: element=H, lammps_type=33
[DEBUG] parameterize:   Atom 568: element=C, lammps_type=40
[DEBUG] parameterize:   Atom 569: element=H, lammps_type=49
[DEBUG] parameterize:   Atom 570: element=H, lammps_type=49
[DEBUG] parameterize:   Atom 571: element=H, lammps_type=49
[DEBUG] parameterize:   Atom 572: element=C, lammps_type=51
[DEBUG] parameterize:   Atom 573: element=C, lammps_type=31
[DEBUG] parameterize:   Atom 574: element=H, lammps_type=32
[DEBUG] parameterize:   Atom 575: element=H, lammps_type=32
[DEBUG] parameterize:   Atom 576: element=C, lammps_type=37
[DEBUG] parameterize:   Atom 577: element=C, lammps_type=36
[DEBUG] parameterize:   Atom 578: element=O, lammps_type=34
[DEBUG] parameterize:   Atom 579: element=O, lammps_type=35
[DEBUG] parameterize:   Atom 580: element=H, lammps_type=33
[DEBUG] parameterize:   Atom 581: element=H, lammps_type=33
[DEBUG] parameterize:   Atom 582: element=H, lammps_type=33
[DEBUG] parameterize:   Atom 583: element=C, lammps_type=40
[DEBUG] parameterize:   Atom 584: element=H, lammps_type=49
[DEBUG] parameterize:   Atom 585: element=H, lammps_type=49
[DEBUG] parameterize:   Atom 586: element=H, lammps_type=49
[DEBUG] parameterize:   Atom 587: element=C, lammps_type=51
[DEBUG] parameterize:   Atom 588: element=C, lammps_type=31
[DEBUG] parameterize:   Atom 589: element=H, lammps_type=32
[DEBUG] parameterize:   Atom 590: element=H, lammps_type=32
[DEBUG] parameterize:   Atom 591: element=C, lammps_type=37
[DEBUG] parameterize:   Atom 592: element=C, lammps_type=36
[DEBUG] parameterize:   Atom 593: element=O, lammps_type=34
[DEBUG] parameterize:   Atom 594: element=O, lammps_type=35
[DEBUG] parameterize:   Atom 595: element=H, lammps_type=33
[DEBUG] parameterize:   Atom 596: element=H, lammps_type=33
[DEBUG] parameterize:   Atom 597: element=H, lammps_type=33
[DEBUG] parameterize:   Atom 598: element=C, lammps_type=40
[DEBUG] parameterize:   Atom 599: element=H, lammps_type=49
[DEBUG] parameterize:   Atom 600: element=H, lammps_type=49
[DEBUG] parameterize:   Atom 601: element=H, lammps_type=49
[DEBUG] parameterize:   Atom 602: element=C, lammps_type=51
[DEBUG] parameterize:   Atom 603: element=C, lammps_type=31
[DEBUG] parameterize:   Atom 604: element=H, lammps_type=32
[DEBUG] parameterize:   Atom 605: element=H, lammps_type=32
[DEBUG] parameterize:   Atom 606: element=C, lammps_type=37
[DEBUG] parameterize:   Atom 607: element=C, lammps_type=36
[DEBUG] parameterize:   Atom 608: element=O, lammps_type=34
[DEBUG] parameterize:   Atom 609: element=O, lammps_type=35
[DEBUG] parameterize:   Atom 610: element=H, lammps_type=33
[DEBUG] parameterize:   Atom 611: element=H, lammps_type=33
[DEBUG] parameterize:   Atom 612: element=H, lammps_type=33
[DEBUG] parameterize:   Atom 613: element=C, lammps_type=40
[DEBUG] parameterize:   Atom 614: element=H, lammps_type=49
[DEBUG] parameterize:   Atom 615: element=H, lammps_type=49
[DEBUG] parameterize:   Atom 616: element=H, lammps_type=49
[DEBUG] parameterize:   Atom 617: element=C, lammps_type=51
[DEBUG] parameterize:   Atom 618: element=C, lammps_type=31
[DEBUG] parameterize:   Atom 619: element=H, lammps_type=32
[DEBUG] parameterize:   Atom 620: element=H, lammps_type=32
[DEBUG] parameterize:   Atom 621: element=C, lammps_type=37
[DEBUG] parameterize:   Atom 622: element=C, lammps_type=36
[DEBUG] parameterize:   Atom 623: element=O, lammps_type=34
[DEBUG] parameterize:   Atom 624: element=O, lammps_type=35
[DEBUG] parameterize:   Atom 625: element=H, lammps_type=33
[DEBUG] parameterize:   Atom 626: element=H, lammps_type=33
[DEBUG] parameterize:   Atom 627: element=H, lammps_type=33
[DEBUG] parameterize:   Atom 628: element=C, lammps_type=40
[DEBUG] parameterize:   Atom 629: element=H, lammps_type=49
[DEBUG] parameterize:   Atom 630: element=H, lammps_type=49
[DEBUG] parameterize:   Atom 631: element=H, lammps_type=49
[DEBUG] parameterize:   Atom 632: element=C, lammps_type=51
[DEBUG] parameterize:   Atom 633: element=C, lammps_type=31
[DEBUG] parameterize:   Atom 634: element=H, lammps_type=32
[DEBUG] parameterize:   Atom 635: element=H, lammps_type=32
[DEBUG] parameterize:   Atom 636: element=C, lammps_type=37
[DEBUG] parameterize:   Atom 637: element=C, lammps_type=36
[DEBUG] parameterize:   Atom 638: element=O, lammps_type=34
[DEBUG] parameterize:   Atom 639: element=O, lammps_type=35
[DEBUG] parameterize:   Atom 640: element=H, lammps_type=33
[DEBUG] parameterize:   Atom 641: element=H, lammps_type=33
[DEBUG] parameterize:   Atom 642: element=H, lammps_type=33
[DEBUG] parameterize:   Atom 643: element=C, lammps_type=40
[DEBUG] parameterize:   Atom 644: element=H, lammps_type=49
[DEBUG] parameterize:   Atom 645: element=H, lammps_type=49
[DEBUG] parameterize:   Atom 646: element=H, lammps_type=49
[DEBUG] parameterize:   Atom 647: element=C, lammps_type=51
[DEBUG] parameterize:   Atom 648: element=C, lammps_type=31
[DEBUG] parameterize:   Atom 649: element=H, lammps_type=32
[DEBUG] parameterize:   Atom 650: element=H, lammps_type=32
[DEBUG] parameterize:   Atom 651: element=C, lammps_type=37
[DEBUG] parameterize:   Atom 652: element=C, lammps_type=36
[DEBUG] parameterize:   Atom 653: element=O, lammps_type=34
[DEBUG] parameterize:   Atom 654: element=O, lammps_type=35
[DEBUG] parameterize:   Atom 655: element=H, lammps_type=33
[DEBUG] parameterize:   Atom 656: element=H, lammps_type=33
[DEBUG] parameterize:   Atom 657: element=H, lammps_type=33
[DEBUG] parameterize:   Atom 658: element=C, lammps_type=40
[DEBUG] parameterize:   Atom 659: element=H, lammps_type=49
[DEBUG] parameterize:   Atom 660: element=H, lammps_type=49
[DEBUG] parameterize:   Atom 661: element=H, lammps_type=49
[DEBUG] parameterize:   Atom 662: element=C, lammps_type=51
[DEBUG] parameterize:   Atom 663: element=C, lammps_type=31
[DEBUG] parameterize:   Atom 664: element=H, lammps_type=32
[DEBUG] parameterize:   Atom 665: element=H, lammps_type=32
[DEBUG] parameterize:   Atom 666: element=C, lammps_type=37
[DEBUG] parameterize:   Atom 667: element=C, lammps_type=36
[DEBUG] parameterize:   Atom 668: element=O, lammps_type=34
[DEBUG] parameterize:   Atom 669: element=O, lammps_type=35
[DEBUG] parameterize:   Atom 670: element=H, lammps_type=33
[DEBUG] parameterize:   Atom 671: element=H, lammps_type=33
[DEBUG] parameterize:   Atom 672: element=H, lammps_type=33
[DEBUG] parameterize:   Atom 673: element=C, lammps_type=40
[DEBUG] parameterize:   Atom 674: element=H, lammps_type=49
[DEBUG] parameterize:   Atom 675: element=H, lammps_type=49
[DEBUG] parameterize:   Atom 676: element=H, lammps_type=49
[DEBUG] parameterize:   Atom 677: element=C, lammps_type=51
[DEBUG] parameterize:   Atom 678: element=C, lammps_type=31
[DEBUG] parameterize:   Atom 679: element=H, lammps_type=32
[DEBUG] parameterize:   Atom 680: element=H, lammps_type=32
[DEBUG] parameterize:   Atom 681: element=C, lammps_type=37
[DEBUG] parameterize:   Atom 682: element=C, lammps_type=36
[DEBUG] parameterize:   Atom 683: element=O, lammps_type=34
[DEBUG] parameterize:   Atom 684: element=O, lammps_type=35
[DEBUG] parameterize:   Atom 685: element=H, lammps_type=33
[DEBUG] parameterize:   Atom 686: element=H, lammps_type=33
[DEBUG] parameterize:   Atom 687: element=H, lammps_type=33
[DEBUG] parameterize:   Atom 688: element=C, lammps_type=40
[DEBUG] parameterize:   Atom 689: element=H, lammps_type=49
[DEBUG] parameterize:   Atom 690: element=H, lammps_type=49
[DEBUG] parameterize:   Atom 691: element=H, lammps_type=49
[DEBUG] parameterize:   Atom 692: element=C, lammps_type=51
[DEBUG] parameterize:   Atom 693: element=C, lammps_type=31
[DEBUG] parameterize:   Atom 694: element=H, lammps_type=32
[DEBUG] parameterize:   Atom 695: element=H, lammps_type=32
[DEBUG] parameterize:   Atom 696: element=C, lammps_type=37
[DEBUG] parameterize:   Atom 697: element=C, lammps_type=36
[DEBUG] parameterize:   Atom 698: element=O, lammps_type=34
[DEBUG] parameterize:   Atom 699: element=O, lammps_type=35
[DEBUG] parameterize:   Atom 700: element=H, lammps_type=33
[DEBUG] parameterize:   Atom 701: element=H, lammps_type=33
[DEBUG] parameterize:   Atom 702: element=H, lammps_type=33
[DEBUG] parameterize:   Atom 703: element=C, lammps_type=40
[DEBUG] parameterize:   Atom 704: element=H, lammps_type=49
[DEBUG] parameterize:   Atom 705: element=H, lammps_type=49
[DEBUG] parameterize:   Atom 706: element=H, lammps_type=49
[DEBUG] parameterize:   Atom 707: element=C, lammps_type=51
[DEBUG] parameterize:   Atom 708: element=C, lammps_type=31
[DEBUG] parameterize:   Atom 709: element=H, lammps_type=32
[DEBUG] parameterize:   Atom 710: element=H, lammps_type=32
[DEBUG] parameterize:   Atom 711: element=C, lammps_type=37
[DEBUG] parameterize:   Atom 712: element=C, lammps_type=36
[DEBUG] parameterize:   Atom 713: element=O, lammps_type=34
[DEBUG] parameterize:   Atom 714: element=O, lammps_type=35
[DEBUG] parameterize:   Atom 715: element=H, lammps_type=33
[DEBUG] parameterize:   Atom 716: element=H, lammps_type=33
[DEBUG] parameterize:   Atom 717: element=H, lammps_type=33
[DEBUG] parameterize:   Atom 718: element=C, lammps_type=40
[DEBUG] parameterize:   Atom 719: element=H, lammps_type=49
[DEBUG] parameterize:   Atom 720: element=H, lammps_type=49
[DEBUG] parameterize:   Atom 721: element=H, lammps_type=49
[DEBUG] parameterize:   Atom 722: element=C, lammps_type=28
[DEBUG] parameterize:   Atom 723: element=C, lammps_type=31
[DEBUG] parameterize:   Atom 724: element=H, lammps_type=32
[DEBUG] parameterize:   Atom 725: element=H, lammps_type=32
[DEBUG] parameterize:   Atom 726: element=C, lammps_type=37
[DEBUG] parameterize:   Atom 727: element=C, lammps_type=36
[DEBUG] parameterize:   Atom 728: element=O, lammps_type=34
[DEBUG] parameterize:   Atom 729: element=O, lammps_type=35
[DEBUG] parameterize:   Atom 730: element=H, lammps_type=33
[DEBUG] parameterize:   Atom 731: element=H, lammps_type=33
[DEBUG] parameterize:   Atom 732: element=H, lammps_type=33
[DEBUG] parameterize:   Atom 733: element=C, lammps_type=40
[DEBUG] parameterize:   Atom 734: element=H, lammps_type=49
[DEBUG] parameterize:   Atom 735: element=H, lammps_type=49
[DEBUG] parameterize:   Atom 736: element=H, lammps_type=49
[DEBUG] parameterize:   Atom 737: element=C, lammps_type=10
[DEBUG] parameterize:   Atom 738: element=C, lammps_type=26
[DEBUG] parameterize:   Atom 739: element=H, lammps_type=27
[DEBUG] parameterize:   Atom 740: element=H, lammps_type=27
[DEBUG] parameterize:   Atom 741: element=C, lammps_type=30
[DEBUG] parameterize:   Atom 742: element=C, lammps_type=29
[DEBUG] parameterize:   Atom 743: element=O, lammps_type=34
[DEBUG] parameterize:   Atom 744: element=O, lammps_type=35
[DEBUG] parameterize:   Atom 745: element=H, lammps_type=33
[DEBUG] parameterize:   Atom 746: element=H, lammps_type=33
[DEBUG] parameterize:   Atom 747: element=H, lammps_type=33
[DEBUG] parameterize:   Atom 748: element=C, lammps_type=40
[DEBUG] parameterize:   Atom 749: element=H, lammps_type=49
[DEBUG] parameterize:   Atom 750: element=H, lammps_type=49
[DEBUG] parameterize:   Atom 751: element=H, lammps_type=49
[DEBUG] parameterize:   Atom 752: element=C, lammps_type=9
[DEBUG] parameterize:   Atom 753: element=C, lammps_type=7
[DEBUG] parameterize:   Atom 754: element=H, lammps_type=13
[DEBUG] parameterize:   Atom 755: element=H, lammps_type=13
[DEBUG] parameterize:   Atom 756: element=C, lammps_type=4
[DEBUG] parameterize:   Atom 757: element=H, lammps_type=11
[DEBUG] parameterize:   Atom 758: element=C, lammps_type=2
[DEBUG] parameterize:   Atom 759: element=C, lammps_type=2
[DEBUG] parameterize:   Atom 760: element=C, lammps_type=3
[DEBUG] parameterize:   Atom 761: element=H, lammps_type=1
[DEBUG] parameterize:   Atom 762: element=C, lammps_type=3
[DEBUG] parameterize:   Atom 763: element=H, lammps_type=1
[DEBUG] parameterize:   Atom 764: element=C, lammps_type=6
[DEBUG] parameterize:   Atom 765: element=H, lammps_type=5
[DEBUG] parameterize:   Atom 766: element=H, lammps_type=5
[DEBUG] parameterize:   Atom 767: element=H, lammps_type=8
[DEBUG] parameterize:   Atom 768: element=C, lammps_type=14
[DEBUG] parameterize:   Atom 769: element=C, lammps_type=12
[DEBUG] parameterize:   Atom 770: element=H, lammps_type=13
[DEBUG] parameterize:   Atom 771: element=H, lammps_type=13
[DEBUG] parameterize:   Atom 772: element=C, lammps_type=15
[DEBUG] parameterize:   Atom 773: element=H, lammps_type=16
[DEBUG] parameterize:   Atom 774: element=C, lammps_type=2
[DEBUG] parameterize:   Atom 775: element=C, lammps_type=2
[DEBUG] parameterize:   Atom 776: element=C, lammps_type=3
[DEBUG] parameterize:   Atom 777: element=H, lammps_type=1
[DEBUG] parameterize:   Atom 778: element=C, lammps_type=3
[DEBUG] parameterize:   Atom 779: element=H, lammps_type=1
[DEBUG] parameterize:   Atom 780: element=C, lammps_type=6
[DEBUG] parameterize:   Atom 781: element=H, lammps_type=5
[DEBUG] parameterize:   Atom 782: element=H, lammps_type=5
[DEBUG] parameterize:   Atom 783: element=H, lammps_type=8
[DEBUG] parameterize:   Atom 784: element=C, lammps_type=14
[DEBUG] parameterize:   Atom 785: element=C, lammps_type=12
[DEBUG] parameterize:   Atom 786: element=H, lammps_type=13
[DEBUG] parameterize:   Atom 787: element=H, lammps_type=13
[DEBUG] parameterize:   Atom 788: element=C, lammps_type=15
[DEBUG] parameterize:   Atom 789: element=H, lammps_type=16
[DEBUG] parameterize:   Atom 790: element=C, lammps_type=2
[DEBUG] parameterize:   Atom 791: element=C, lammps_type=2
[DEBUG] parameterize:   Atom 792: element=C, lammps_type=3
[DEBUG] parameterize:   Atom 793: element=H, lammps_type=1
[DEBUG] parameterize:   Atom 794: element=C, lammps_type=3
[DEBUG] parameterize:   Atom 795: element=H, lammps_type=1
[DEBUG] parameterize:   Atom 796: element=C, lammps_type=6
[DEBUG] parameterize:   Atom 797: element=H, lammps_type=5
[DEBUG] parameterize:   Atom 798: element=H, lammps_type=5
[DEBUG] parameterize:   Atom 799: element=H, lammps_type=8
[DEBUG] parameterize:   Atom 800: element=C, lammps_type=14
[DEBUG] parameterize:   Atom 801: element=C, lammps_type=12
[DEBUG] parameterize:   Atom 802: element=H, lammps_type=13
[DEBUG] parameterize:   Atom 803: element=H, lammps_type=13
[DEBUG] parameterize:   Atom 804: element=C, lammps_type=15
[DEBUG] parameterize:   Atom 805: element=H, lammps_type=16
[DEBUG] parameterize:   Atom 806: element=C, lammps_type=2
[DEBUG] parameterize:   Atom 807: element=C, lammps_type=2
[DEBUG] parameterize:   Atom 808: element=C, lammps_type=3
[DEBUG] parameterize:   Atom 809: element=H, lammps_type=1
[DEBUG] parameterize:   Atom 810: element=C, lammps_type=3
[DEBUG] parameterize:   Atom 811: element=H, lammps_type=1
[DEBUG] parameterize:   Atom 812: element=C, lammps_type=6
[DEBUG] parameterize:   Atom 813: element=H, lammps_type=5
[DEBUG] parameterize:   Atom 814: element=H, lammps_type=5
[DEBUG] parameterize:   Atom 815: element=H, lammps_type=8
[DEBUG] parameterize:   Atom 816: element=C, lammps_type=14
[DEBUG] parameterize:   Atom 817: element=C, lammps_type=12
[DEBUG] parameterize:   Atom 818: element=H, lammps_type=13
[DEBUG] parameterize:   Atom 819: element=H, lammps_type=13
[DEBUG] parameterize:   Atom 820: element=C, lammps_type=15
[DEBUG] parameterize:   Atom 821: element=H, lammps_type=16
[DEBUG] parameterize:   Atom 822: element=C, lammps_type=2
[DEBUG] parameterize:   Atom 823: element=C, lammps_type=2
[DEBUG] parameterize:   Atom 824: element=C, lammps_type=3
[DEBUG] parameterize:   Atom 825: element=H, lammps_type=1
[DEBUG] parameterize:   Atom 826: element=C, lammps_type=3
[DEBUG] parameterize:   Atom 827: element=H, lammps_type=1
[DEBUG] parameterize:   Atom 828: element=C, lammps_type=6
[DEBUG] parameterize:   Atom 829: element=H, lammps_type=5
[DEBUG] parameterize:   Atom 830: element=H, lammps_type=5
[DEBUG] parameterize:   Atom 831: element=H, lammps_type=8
[DEBUG] parameterize:   Atom 832: element=C, lammps_type=14
[DEBUG] parameterize:   Atom 833: element=C, lammps_type=12
[DEBUG] parameterize:   Atom 834: element=H, lammps_type=13
[DEBUG] parameterize:   Atom 835: element=H, lammps_type=13
[DEBUG] parameterize:   Atom 836: element=C, lammps_type=15
[DEBUG] parameterize:   Atom 837: element=H, lammps_type=16
[DEBUG] parameterize:   Atom 838: element=C, lammps_type=2
[DEBUG] parameterize:   Atom 839: element=C, lammps_type=2
[DEBUG] parameterize:   Atom 840: element=C, lammps_type=3
[DEBUG] parameterize:   Atom 841: element=H, lammps_type=1
[DEBUG] parameterize:   Atom 842: element=C, lammps_type=3
[DEBUG] parameterize:   Atom 843: element=H, lammps_type=1
[DEBUG] parameterize:   Atom 844: element=C, lammps_type=6
[DEBUG] parameterize:   Atom 845: element=H, lammps_type=5
[DEBUG] parameterize:   Atom 846: element=H, lammps_type=5
[DEBUG] parameterize:   Atom 847: element=H, lammps_type=8
[DEBUG] parameterize:   Atom 848: element=C, lammps_type=14
[DEBUG] parameterize:   Atom 849: element=C, lammps_type=12
[DEBUG] parameterize:   Atom 850: element=H, lammps_type=13
[DEBUG] parameterize:   Atom 851: element=H, lammps_type=13
[DEBUG] parameterize:   Atom 852: element=C, lammps_type=15
[DEBUG] parameterize:   Atom 853: element=H, lammps_type=16
[DEBUG] parameterize:   Atom 854: element=C, lammps_type=2
[DEBUG] parameterize:   Atom 855: element=C, lammps_type=2
[DEBUG] parameterize:   Atom 856: element=C, lammps_type=3
[DEBUG] parameterize:   Atom 857: element=H, lammps_type=1
[DEBUG] parameterize:   Atom 858: element=C, lammps_type=3
[DEBUG] parameterize:   Atom 859: element=H, lammps_type=1
[DEBUG] parameterize:   Atom 860: element=C, lammps_type=6
[DEBUG] parameterize:   Atom 861: element=H, lammps_type=5
[DEBUG] parameterize:   Atom 862: element=H, lammps_type=5
[DEBUG] parameterize:   Atom 863: element=H, lammps_type=8
[DEBUG] parameterize:   Atom 864: element=C, lammps_type=14
[DEBUG] parameterize:   Atom 865: element=C, lammps_type=12
[DEBUG] parameterize:   Atom 866: element=H, lammps_type=13
[DEBUG] parameterize:   Atom 867: element=H, lammps_type=13
[DEBUG] parameterize:   Atom 868: element=C, lammps_type=15
[DEBUG] parameterize:   Atom 869: element=H, lammps_type=16
[DEBUG] parameterize:   Atom 870: element=C, lammps_type=2
[DEBUG] parameterize:   Atom 871: element=C, lammps_type=2
[DEBUG] parameterize:   Atom 872: element=C, lammps_type=3
[DEBUG] parameterize:   Atom 873: element=H, lammps_type=1
[DEBUG] parameterize:   Atom 874: element=C, lammps_type=3
[DEBUG] parameterize:   Atom 875: element=H, lammps_type=1
[DEBUG] parameterize:   Atom 876: element=C, lammps_type=6
[DEBUG] parameterize:   Atom 877: element=H, lammps_type=5
[DEBUG] parameterize:   Atom 878: element=H, lammps_type=5
[DEBUG] parameterize:   Atom 879: element=H, lammps_type=8
[DEBUG] parameterize:   Atom 880: element=C, lammps_type=14
[DEBUG] parameterize:   Atom 881: element=C, lammps_type=12
[DEBUG] parameterize:   Atom 882: element=H, lammps_type=13
[DEBUG] parameterize:   Atom 883: element=H, lammps_type=13
[DEBUG] parameterize:   Atom 884: element=C, lammps_type=15
[DEBUG] parameterize:   Atom 885: element=H, lammps_type=16
[DEBUG] parameterize:   Atom 886: element=C, lammps_type=2
[DEBUG] parameterize:   Atom 887: element=C, lammps_type=2
[DEBUG] parameterize:   Atom 888: element=C, lammps_type=3
[DEBUG] parameterize:   Atom 889: element=H, lammps_type=1
[DEBUG] parameterize:   Atom 890: element=C, lammps_type=3
[DEBUG] parameterize:   Atom 891: element=H, lammps_type=1
[DEBUG] parameterize:   Atom 892: element=C, lammps_type=6
[DEBUG] parameterize:   Atom 893: element=H, lammps_type=5
[DEBUG] parameterize:   Atom 894: element=H, lammps_type=5
[DEBUG] parameterize:   Atom 895: element=H, lammps_type=8
[DEBUG] parameterize:   Atom 896: element=C, lammps_type=14
[DEBUG] parameterize:   Atom 897: element=C, lammps_type=12
[DEBUG] parameterize:   Atom 898: element=H, lammps_type=13
[DEBUG] parameterize:   Atom 899: element=H, lammps_type=13
[DEBUG] parameterize:   Atom 900: element=C, lammps_type=15
[DEBUG] parameterize:   Atom 901: element=H, lammps_type=16
[DEBUG] parameterize:   Atom 902: element=C, lammps_type=2
[DEBUG] parameterize:   Atom 903: element=C, lammps_type=2
[DEBUG] parameterize:   Atom 904: element=C, lammps_type=3
[DEBUG] parameterize:   Atom 905: element=H, lammps_type=1
[DEBUG] parameterize:   Atom 906: element=C, lammps_type=3
[DEBUG] parameterize:   Atom 907: element=H, lammps_type=1
[DEBUG] parameterize:   Atom 908: element=C, lammps_type=6
[DEBUG] parameterize:   Atom 909: element=H, lammps_type=5
[DEBUG] parameterize:   Atom 910: element=H, lammps_type=5
[DEBUG] parameterize:   Atom 911: element=H, lammps_type=8
[DEBUG] parameterize:   Atom 912: element=C, lammps_type=14
[DEBUG] parameterize:   Atom 913: element=C, lammps_type=12
[DEBUG] parameterize:   Atom 914: element=H, lammps_type=13
[DEBUG] parameterize:   Atom 915: element=H, lammps_type=13
[DEBUG] parameterize:   Atom 916: element=C, lammps_type=15
[DEBUG] parameterize:   Atom 917: element=H, lammps_type=16
[DEBUG] parameterize:   Atom 918: element=C, lammps_type=2
[DEBUG] parameterize:   Atom 919: element=C, lammps_type=2
[DEBUG] parameterize:   Atom 920: element=C, lammps_type=3
[DEBUG] parameterize:   Atom 921: element=H, lammps_type=1
[DEBUG] parameterize:   Atom 922: element=C, lammps_type=3
[DEBUG] parameterize:   Atom 923: element=H, lammps_type=1
[DEBUG] parameterize:   Atom 924: element=C, lammps_type=6
[DEBUG] parameterize:   Atom 925: element=H, lammps_type=5
[DEBUG] parameterize:   Atom 926: element=H, lammps_type=5
[DEBUG] parameterize:   Atom 927: element=H, lammps_type=8
[DEBUG] parameterize:   Atom 928: element=C, lammps_type=14
[DEBUG] parameterize:   Atom 929: element=C, lammps_type=12
[DEBUG] parameterize:   Atom 930: element=H, lammps_type=13
[DEBUG] parameterize:   Atom 931: element=H, lammps_type=13
[DEBUG] parameterize:   Atom 932: element=C, lammps_type=15
[DEBUG] parameterize:   Atom 933: element=H, lammps_type=16
[DEBUG] parameterize:   Atom 934: element=C, lammps_type=2
[DEBUG] parameterize:   Atom 935: element=C, lammps_type=2
[DEBUG] parameterize:   Atom 936: element=C, lammps_type=3
[DEBUG] parameterize:   Atom 937: element=H, lammps_type=1
[DEBUG] parameterize:   Atom 938: element=C, lammps_type=3
[DEBUG] parameterize:   Atom 939: element=H, lammps_type=1
[DEBUG] parameterize:   Atom 940: element=C, lammps_type=6
[DEBUG] parameterize:   Atom 941: element=H, lammps_type=5
[DEBUG] parameterize:   Atom 942: element=H, lammps_type=5
[DEBUG] parameterize:   Atom 943: element=H, lammps_type=8
[DEBUG] parameterize:   Atom 944: element=C, lammps_type=14
[DEBUG] parameterize:   Atom 945: element=C, lammps_type=12
[DEBUG] parameterize:   Atom 946: element=H, lammps_type=13
[DEBUG] parameterize:   Atom 947: element=H, lammps_type=13
[DEBUG] parameterize:   Atom 948: element=C, lammps_type=15
[DEBUG] parameterize:   Atom 949: element=H, lammps_type=16
[DEBUG] parameterize:   Atom 950: element=C, lammps_type=2
[DEBUG] parameterize:   Atom 951: element=C, lammps_type=2
[DEBUG] parameterize:   Atom 952: element=C, lammps_type=3
[DEBUG] parameterize:   Atom 953: element=H, lammps_type=1
[DEBUG] parameterize:   Atom 954: element=C, lammps_type=3
[DEBUG] parameterize:   Atom 955: element=H, lammps_type=1
[DEBUG] parameterize:   Atom 956: element=C, lammps_type=6
[DEBUG] parameterize:   Atom 957: element=H, lammps_type=5
[DEBUG] parameterize:   Atom 958: element=H, lammps_type=5
[DEBUG] parameterize:   Atom 959: element=H, lammps_type=8
[DEBUG] parameterize:   Atom 960: element=C, lammps_type=14
[DEBUG] parameterize:   Atom 961: element=C, lammps_type=12
[DEBUG] parameterize:   Atom 962: element=H, lammps_type=13
[DEBUG] parameterize:   Atom 963: element=H, lammps_type=13
[DEBUG] parameterize:   Atom 964: element=C, lammps_type=15
[DEBUG] parameterize:   Atom 965: element=H, lammps_type=16
[DEBUG] parameterize:   Atom 966: element=C, lammps_type=2
[DEBUG] parameterize:   Atom 967: element=C, lammps_type=2
[DEBUG] parameterize:   Atom 968: element=C, lammps_type=3
[DEBUG] parameterize:   Atom 969: element=H, lammps_type=1
[DEBUG] parameterize:   Atom 970: element=C, lammps_type=3
[DEBUG] parameterize:   Atom 971: element=H, lammps_type=1
[DEBUG] parameterize:   Atom 972: element=C, lammps_type=6
[DEBUG] parameterize:   Atom 973: element=H, lammps_type=5
[DEBUG] parameterize:   Atom 974: element=H, lammps_type=5
[DEBUG] parameterize:   Atom 975: element=H, lammps_type=8
[DEBUG] parameterize:   Atom 976: element=C, lammps_type=14
[DEBUG] parameterize:   Atom 977: element=C, lammps_type=12
[DEBUG] parameterize:   Atom 978: element=H, lammps_type=13
[DEBUG] parameterize:   Atom 979: element=H, lammps_type=13
[DEBUG] parameterize:   Atom 980: element=C, lammps_type=15
[DEBUG] parameterize:   Atom 981: element=H, lammps_type=16
[DEBUG] parameterize:   Atom 982: element=C, lammps_type=2
[DEBUG] parameterize:   Atom 983: element=C, lammps_type=2
[DEBUG] parameterize:   Atom 984: element=C, lammps_type=3
[DEBUG] parameterize:   Atom 985: element=H, lammps_type=1
[DEBUG] parameterize:   Atom 986: element=C, lammps_type=3
[DEBUG] parameterize:   Atom 987: element=H, lammps_type=1
[DEBUG] parameterize:   Atom 988: element=C, lammps_type=6
[DEBUG] parameterize:   Atom 989: element=H, lammps_type=5
[DEBUG] parameterize:   Atom 990: element=H, lammps_type=5
[DEBUG] parameterize:   Atom 991: element=H, lammps_type=8
[DEBUG] parameterize:   Atom 992: element=C, lammps_type=14
[DEBUG] parameterize:   Atom 993: element=C, lammps_type=12
[DEBUG] parameterize:   Atom 994: element=H, lammps_type=13
[DEBUG] parameterize:   Atom 995: element=H, lammps_type=13
[DEBUG] parameterize:   Atom 996: element=C, lammps_type=15
[DEBUG] parameterize:   Atom 997: element=H, lammps_type=16
[DEBUG] parameterize:   Atom 998: element=C, lammps_type=2
[DEBUG] parameterize:   Atom 999: element=C, lammps_type=2
[DEBUG] parameterize:   Atom 1000: element=C, lammps_type=3
[DEBUG] parameterize:   Atom 1001: element=H, lammps_type=1
[DEBUG] parameterize:   Atom 1002: element=C, lammps_type=3
[DEBUG] parameterize:   Atom 1003: element=H, lammps_type=1
[DEBUG] parameterize:   Atom 1004: element=C, lammps_type=6
[DEBUG] parameterize:   Atom 1005: element=H, lammps_type=5
[DEBUG] parameterize:   Atom 1006: element=H, lammps_type=5
[DEBUG] parameterize:   Atom 1007: element=H, lammps_type=8
[DEBUG] parameterize:   Atom 1008: element=C, lammps_type=14
[DEBUG] parameterize:   Atom 1009: element=C, lammps_type=12
[DEBUG] parameterize:   Atom 1010: element=H, lammps_type=13
[DEBUG] parameterize:   Atom 1011: element=H, lammps_type=13
[DEBUG] parameterize:   Atom 1012: element=C, lammps_type=15
[DEBUG] parameterize:   Atom 1013: element=H, lammps_type=16
[DEBUG] parameterize:   Atom 1014: element=C, lammps_type=2
[DEBUG] parameterize:   Atom 1015: element=C, lammps_type=2
[DEBUG] parameterize:   Atom 1016: element=C, lammps_type=3
[DEBUG] parameterize:   Atom 1017: element=H, lammps_type=1
[DEBUG] parameterize:   Atom 1018: element=C, lammps_type=3
[DEBUG] parameterize:   Atom 1019: element=H, lammps_type=1
[DEBUG] parameterize:   Atom 1020: element=C, lammps_type=6
[DEBUG] parameterize:   Atom 1021: element=H, lammps_type=5
[DEBUG] parameterize:   Atom 1022: element=H, lammps_type=5
[DEBUG] parameterize:   Atom 1023: element=H, lammps_type=8
[DEBUG] parameterize:   Atom 1024: element=C, lammps_type=14
[DEBUG] parameterize:   Atom 1025: element=C, lammps_type=12
[DEBUG] parameterize:   Atom 1026: element=H, lammps_type=13
[DEBUG] parameterize:   Atom 1027: element=H, lammps_type=13
[DEBUG] parameterize:   Atom 1028: element=C, lammps_type=15
[DEBUG] parameterize:   Atom 1029: element=H, lammps_type=16
[DEBUG] parameterize:   Atom 1030: element=C, lammps_type=2
[DEBUG] parameterize:   Atom 1031: element=C, lammps_type=2
[DEBUG] parameterize:   Atom 1032: element=C, lammps_type=3
[DEBUG] parameterize:   Atom 1033: element=H, lammps_type=1
[DEBUG] parameterize:   Atom 1034: element=C, lammps_type=3
[DEBUG] parameterize:   Atom 1035: element=H, lammps_type=1
[DEBUG] parameterize:   Atom 1036: element=C, lammps_type=6
[DEBUG] parameterize:   Atom 1037: element=H, lammps_type=5
[DEBUG] parameterize:   Atom 1038: element=H, lammps_type=5
[DEBUG] parameterize:   Atom 1039: element=H, lammps_type=8
[DEBUG] parameterize:   Atom 1040: element=C, lammps_type=14
[DEBUG] parameterize:   Atom 1041: element=C, lammps_type=12
[DEBUG] parameterize:   Atom 1042: element=H, lammps_type=13
[DEBUG] parameterize:   Atom 1043: element=H, lammps_type=13
[DEBUG] parameterize:   Atom 1044: element=C, lammps_type=15
[DEBUG] parameterize:   Atom 1045: element=H, lammps_type=16
[DEBUG] parameterize:   Atom 1046: element=C, lammps_type=2
[DEBUG] parameterize:   Atom 1047: element=C, lammps_type=2
[DEBUG] parameterize:   Atom 1048: element=C, lammps_type=3
[DEBUG] parameterize:   Atom 1049: element=H, lammps_type=1
[DEBUG] parameterize:   Atom 1050: element=C, lammps_type=3
[DEBUG] parameterize:   Atom 1051: element=H, lammps_type=1
[DEBUG] parameterize:   Atom 1052: element=C, lammps_type=6
[DEBUG] parameterize:   Atom 1053: element=H, lammps_type=5
[DEBUG] parameterize:   Atom 1054: element=H, lammps_type=5
[DEBUG] parameterize:   Atom 1055: element=H, lammps_type=8
[DEBUG] parameterize:   Atom 1056: element=C, lammps_type=14
[DEBUG] parameterize:   Atom 1057: element=C, lammps_type=12
[DEBUG] parameterize:   Atom 1058: element=H, lammps_type=13
[DEBUG] parameterize:   Atom 1059: element=H, lammps_type=13
[DEBUG] parameterize:   Atom 1060: element=C, lammps_type=15
[DEBUG] parameterize:   Atom 1061: element=H, lammps_type=16
[DEBUG] parameterize:   Atom 1062: element=C, lammps_type=2
[DEBUG] parameterize:   Atom 1063: element=C, lammps_type=2
[DEBUG] parameterize:   Atom 1064: element=C, lammps_type=3
[DEBUG] parameterize:   Atom 1065: element=H, lammps_type=1
[DEBUG] parameterize:   Atom 1066: element=C, lammps_type=3
[DEBUG] parameterize:   Atom 1067: element=H, lammps_type=1
[DEBUG] parameterize:   Atom 1068: element=C, lammps_type=6
[DEBUG] parameterize:   Atom 1069: element=H, lammps_type=5
[DEBUG] parameterize:   Atom 1070: element=H, lammps_type=5
[DEBUG] parameterize:   Atom 1071: element=H, lammps_type=8
[DEBUG] parameterize:   Atom 1072: element=C, lammps_type=14
[DEBUG] parameterize:   Atom 1073: element=C, lammps_type=12
[DEBUG] parameterize:   Atom 1074: element=H, lammps_type=13
[DEBUG] parameterize:   Atom 1075: element=H, lammps_type=13
[DEBUG] parameterize:   Atom 1076: element=C, lammps_type=15
[DEBUG] parameterize:   Atom 1077: element=H, lammps_type=16
[DEBUG] parameterize:   Atom 1078: element=C, lammps_type=2
[DEBUG] parameterize:   Atom 1079: element=C, lammps_type=2
[DEBUG] parameterize:   Atom 1080: element=C, lammps_type=3
[DEBUG] parameterize:   Atom 1081: element=H, lammps_type=1
[DEBUG] parameterize:   Atom 1082: element=C, lammps_type=3
[DEBUG] parameterize:   Atom 1083: element=H, lammps_type=1
[DEBUG] parameterize:   Atom 1084: element=C, lammps_type=6
[DEBUG] parameterize:   Atom 1085: element=H, lammps_type=5
[DEBUG] parameterize:   Atom 1086: element=H, lammps_type=5
[DEBUG] parameterize:   Atom 1087: element=H, lammps_type=8
[DEBUG] parameterize:   Atom 1088: element=C, lammps_type=14
[DEBUG] parameterize:   Atom 1089: element=C, lammps_type=12
[DEBUG] parameterize:   Atom 1090: element=H, lammps_type=13
[DEBUG] parameterize:   Atom 1091: element=H, lammps_type=13
[DEBUG] parameterize:   Atom 1092: element=C, lammps_type=15
[DEBUG] parameterize:   Atom 1093: element=H, lammps_type=16
[DEBUG] parameterize:   Atom 1094: element=C, lammps_type=2
[DEBUG] parameterize:   Atom 1095: element=C, lammps_type=2
[DEBUG] parameterize:   Atom 1096: element=C, lammps_type=3
[DEBUG] parameterize:   Atom 1097: element=H, lammps_type=1
[DEBUG] parameterize:   Atom 1098: element=C, lammps_type=3
[DEBUG] parameterize:   Atom 1099: element=H, lammps_type=1
[DEBUG] parameterize:   Atom 1100: element=C, lammps_type=6
[DEBUG] parameterize:   Atom 1101: element=H, lammps_type=5
[DEBUG] parameterize:   Atom 1102: element=H, lammps_type=5
[DEBUG] parameterize:   Atom 1103: element=H, lammps_type=8
[DEBUG] parameterize:   Atom 1104: element=C, lammps_type=14
[DEBUG] parameterize:   Atom 1105: element=C, lammps_type=12
[DEBUG] parameterize:   Atom 1106: element=H, lammps_type=13
[DEBUG] parameterize:   Atom 1107: element=H, lammps_type=13
[DEBUG] parameterize:   Atom 1108: element=C, lammps_type=15
[DEBUG] parameterize:   Atom 1109: element=H, lammps_type=16
[DEBUG] parameterize:   Atom 1110: element=C, lammps_type=2
[DEBUG] parameterize:   Atom 1111: element=C, lammps_type=2
[DEBUG] parameterize:   Atom 1112: element=C, lammps_type=3
[DEBUG] parameterize:   Atom 1113: element=H, lammps_type=1
[DEBUG] parameterize:   Atom 1114: element=C, lammps_type=3
[DEBUG] parameterize:   Atom 1115: element=H, lammps_type=1
[DEBUG] parameterize:   Atom 1116: element=C, lammps_type=6
[DEBUG] parameterize:   Atom 1117: element=H, lammps_type=5
[DEBUG] parameterize:   Atom 1118: element=H, lammps_type=5
[DEBUG] parameterize:   Atom 1119: element=H, lammps_type=8
[DEBUG] parameterize:   Atom 1120: element=C, lammps_type=14
[DEBUG] parameterize:   Atom 1121: element=C, lammps_type=12
[DEBUG] parameterize:   Atom 1122: element=H, lammps_type=13
[DEBUG] parameterize:   Atom 1123: element=H, lammps_type=13
[DEBUG] parameterize:   Atom 1124: element=C, lammps_type=15
[DEBUG] parameterize:   Atom 1125: element=H, lammps_type=16
[DEBUG] parameterize:   Atom 1126: element=C, lammps_type=2
[DEBUG] parameterize:   Atom 1127: element=C, lammps_type=2
[DEBUG] parameterize:   Atom 1128: element=C, lammps_type=3
[DEBUG] parameterize:   Atom 1129: element=H, lammps_type=1
[DEBUG] parameterize:   Atom 1130: element=C, lammps_type=3
[DEBUG] parameterize:   Atom 1131: element=H, lammps_type=1
[DEBUG] parameterize:   Atom 1132: element=C, lammps_type=6
[DEBUG] parameterize:   Atom 1133: element=H, lammps_type=5
[DEBUG] parameterize:   Atom 1134: element=H, lammps_type=5
[DEBUG] parameterize:   Atom 1135: element=H, lammps_type=8
[DEBUG] parameterize:   Atom 1136: element=C, lammps_type=14
[DEBUG] parameterize:   Atom 1137: element=C, lammps_type=12
[DEBUG] parameterize:   Atom 1138: element=H, lammps_type=13
[DEBUG] parameterize:   Atom 1139: element=H, lammps_type=13
[DEBUG] parameterize:   Atom 1140: element=C, lammps_type=15
[DEBUG] parameterize:   Atom 1141: element=H, lammps_type=16
[DEBUG] parameterize:   Atom 1142: element=C, lammps_type=2
[DEBUG] parameterize:   Atom 1143: element=C, lammps_type=2
[DEBUG] parameterize:   Atom 1144: element=C, lammps_type=3
[DEBUG] parameterize:   Atom 1145: element=H, lammps_type=1
[DEBUG] parameterize:   Atom 1146: element=C, lammps_type=3
[DEBUG] parameterize:   Atom 1147: element=H, lammps_type=1
[DEBUG] parameterize:   Atom 1148: element=C, lammps_type=6
[DEBUG] parameterize:   Atom 1149: element=H, lammps_type=5
[DEBUG] parameterize:   Atom 1150: element=H, lammps_type=5
[DEBUG] parameterize:   Atom 1151: element=H, lammps_type=8
[DEBUG] parameterize:   Atom 1152: element=C, lammps_type=14
[DEBUG] parameterize:   Atom 1153: element=C, lammps_type=12
[DEBUG] parameterize:   Atom 1154: element=H, lammps_type=13
[DEBUG] parameterize:   Atom 1155: element=H, lammps_type=13
[DEBUG] parameterize:   Atom 1156: element=C, lammps_type=15
[DEBUG] parameterize:   Atom 1157: element=H, lammps_type=16
[DEBUG] parameterize:   Atom 1158: element=C, lammps_type=2
[DEBUG] parameterize:   Atom 1159: element=C, lammps_type=2
[DEBUG] parameterize:   Atom 1160: element=C, lammps_type=3
[DEBUG] parameterize:   Atom 1161: element=H, lammps_type=1
[DEBUG] parameterize:   Atom 1162: element=C, lammps_type=3
[DEBUG] parameterize:   Atom 1163: element=H, lammps_type=1
[DEBUG] parameterize:   Atom 1164: element=C, lammps_type=6
[DEBUG] parameterize:   Atom 1165: element=H, lammps_type=5
[DEBUG] parameterize:   Atom 1166: element=H, lammps_type=5
[DEBUG] parameterize:   Atom 1167: element=H, lammps_type=8
[DEBUG] parameterize:   Atom 1168: element=C, lammps_type=14
[DEBUG] parameterize:   Atom 1169: element=C, lammps_type=12
[DEBUG] parameterize:   Atom 1170: element=H, lammps_type=13
[DEBUG] parameterize:   Atom 1171: element=H, lammps_type=13
[DEBUG] parameterize:   Atom 1172: element=C, lammps_type=15
[DEBUG] parameterize:   Atom 1173: element=H, lammps_type=16
[DEBUG] parameterize:   Atom 1174: element=C, lammps_type=2
[DEBUG] parameterize:   Atom 1175: element=C, lammps_type=2
[DEBUG] parameterize:   Atom 1176: element=C, lammps_type=3
[DEBUG] parameterize:   Atom 1177: element=H, lammps_type=1
[DEBUG] parameterize:   Atom 1178: element=C, lammps_type=3
[DEBUG] parameterize:   Atom 1179: element=H, lammps_type=1
[DEBUG] parameterize:   Atom 1180: element=C, lammps_type=6
[DEBUG] parameterize:   Atom 1181: element=H, lammps_type=5
[DEBUG] parameterize:   Atom 1182: element=H, lammps_type=5
[DEBUG] parameterize:   Atom 1183: element=H, lammps_type=8
[DEBUG] parameterize:   Atom 1184: element=C, lammps_type=14
[DEBUG] parameterize:   Atom 1185: element=C, lammps_type=12
[DEBUG] parameterize:   Atom 1186: element=H, lammps_type=13
[DEBUG] parameterize:   Atom 1187: element=H, lammps_type=13
[DEBUG] parameterize:   Atom 1188: element=C, lammps_type=15
[DEBUG] parameterize:   Atom 1189: element=H, lammps_type=16
[DEBUG] parameterize:   Atom 1190: element=C, lammps_type=2
[DEBUG] parameterize:   Atom 1191: element=C, lammps_type=2
[DEBUG] parameterize:   Atom 1192: element=C, lammps_type=3
[DEBUG] parameterize:   Atom 1193: element=H, lammps_type=1
[DEBUG] parameterize:   Atom 1194: element=C, lammps_type=3
[DEBUG] parameterize:   Atom 1195: element=H, lammps_type=1
[DEBUG] parameterize:   Atom 1196: element=C, lammps_type=6
[DEBUG] parameterize:   Atom 1197: element=H, lammps_type=5
[DEBUG] parameterize:   Atom 1198: element=H, lammps_type=5
[DEBUG] parameterize:   Atom 1199: element=H, lammps_type=8
[DEBUG] parameterize:   Atom 1200: element=C, lammps_type=14
[DEBUG] parameterize:   Atom 1201: element=C, lammps_type=12
[DEBUG] parameterize:   Atom 1202: element=H, lammps_type=13
[DEBUG] parameterize:   Atom 1203: element=H, lammps_type=13
[DEBUG] parameterize:   Atom 1204: element=C, lammps_type=15
[DEBUG] parameterize:   Atom 1205: element=H, lammps_type=16
[DEBUG] parameterize:   Atom 1206: element=C, lammps_type=2
[DEBUG] parameterize:   Atom 1207: element=C, lammps_type=2
[DEBUG] parameterize:   Atom 1208: element=C, lammps_type=3
[DEBUG] parameterize:   Atom 1209: element=H, lammps_type=1
[DEBUG] parameterize:   Atom 1210: element=C, lammps_type=3
[DEBUG] parameterize:   Atom 1211: element=H, lammps_type=1
[DEBUG] parameterize:   Atom 1212: element=C, lammps_type=6
[DEBUG] parameterize:   Atom 1213: element=H, lammps_type=5
[DEBUG] parameterize:   Atom 1214: element=H, lammps_type=5
[DEBUG] parameterize:   Atom 1215: element=H, lammps_type=8
[DEBUG] parameterize:   Atom 1216: element=C, lammps_type=14
[DEBUG] parameterize:   Atom 1217: element=C, lammps_type=12
[DEBUG] parameterize:   Atom 1218: element=H, lammps_type=13
[DEBUG] parameterize:   Atom 1219: element=H, lammps_type=13
[DEBUG] parameterize:   Atom 1220: element=C, lammps_type=15
[DEBUG] parameterize:   Atom 1221: element=H, lammps_type=16
[DEBUG] parameterize:   Atom 1222: element=C, lammps_type=2
[DEBUG] parameterize:   Atom 1223: element=C, lammps_type=2
[DEBUG] parameterize:   Atom 1224: element=C, lammps_type=3
[DEBUG] parameterize:   Atom 1225: element=H, lammps_type=1
[DEBUG] parameterize:   Atom 1226: element=C, lammps_type=3
[DEBUG] parameterize:   Atom 1227: element=H, lammps_type=1
[DEBUG] parameterize:   Atom 1228: element=C, lammps_type=6
[DEBUG] parameterize:   Atom 1229: element=H, lammps_type=5
[DEBUG] parameterize:   Atom 1230: element=H, lammps_type=5
[DEBUG] parameterize:   Atom 1231: element=H, lammps_type=8
[DEBUG] parameterize:   Atom 1232: element=C, lammps_type=14
[DEBUG] parameterize:   Atom 1233: element=C, lammps_type=12
[DEBUG] parameterize:   Atom 1234: element=H, lammps_type=13
[DEBUG] parameterize:   Atom 1235: element=H, lammps_type=13
[DEBUG] parameterize:   Atom 1236: element=C, lammps_type=15
[DEBUG] parameterize:   Atom 1237: element=H, lammps_type=16
[DEBUG] parameterize:   Atom 1238: element=C, lammps_type=2
[DEBUG] parameterize:   Atom 1239: element=C, lammps_type=2
[DEBUG] parameterize:   Atom 1240: element=C, lammps_type=3
[DEBUG] parameterize:   Atom 1241: element=H, lammps_type=1
[DEBUG] parameterize:   Atom 1242: element=C, lammps_type=3
[DEBUG] parameterize:   Atom 1243: element=H, lammps_type=1
[DEBUG] parameterize:   Atom 1244: element=C, lammps_type=6
[DEBUG] parameterize:   Atom 1245: element=H, lammps_type=5
[DEBUG] parameterize:   Atom 1246: element=H, lammps_type=5
[DEBUG] parameterize:   Atom 1247: element=H, lammps_type=8
[DEBUG] parameterize:   Atom 1248: element=C, lammps_type=14
[DEBUG] parameterize:   Atom 1249: element=C, lammps_type=12
[DEBUG] parameterize:   Atom 1250: element=H, lammps_type=13
[DEBUG] parameterize:   Atom 1251: element=H, lammps_type=13
[DEBUG] parameterize:   Atom 1252: element=C, lammps_type=15
[DEBUG] parameterize:   Atom 1253: element=H, lammps_type=16
[DEBUG] parameterize:   Atom 1254: element=C, lammps_type=2
[DEBUG] parameterize:   Atom 1255: element=C, lammps_type=2
[DEBUG] parameterize:   Atom 1256: element=C, lammps_type=3
[DEBUG] parameterize:   Atom 1257: element=H, lammps_type=1
[DEBUG] parameterize:   Atom 1258: element=C, lammps_type=3
[DEBUG] parameterize:   Atom 1259: element=H, lammps_type=1
[DEBUG] parameterize:   Atom 1260: element=C, lammps_type=6
[DEBUG] parameterize:   Atom 1261: element=H, lammps_type=5
[DEBUG] parameterize:   Atom 1262: element=H, lammps_type=5
[DEBUG] parameterize:   Atom 1263: element=H, lammps_type=8
[DEBUG] parameterize:   Atom 1264: element=C, lammps_type=14
[DEBUG] parameterize:   Atom 1265: element=C, lammps_type=12
[DEBUG] parameterize:   Atom 1266: element=H, lammps_type=13
[DEBUG] parameterize:   Atom 1267: element=H, lammps_type=13
[DEBUG] parameterize:   Atom 1268: element=C, lammps_type=15
[DEBUG] parameterize:   Atom 1269: element=H, lammps_type=16
[DEBUG] parameterize:   Atom 1270: element=C, lammps_type=2
[DEBUG] parameterize:   Atom 1271: element=C, lammps_type=2
[DEBUG] parameterize:   Atom 1272: element=C, lammps_type=3
[DEBUG] parameterize:   Atom 1273: element=H, lammps_type=1
[DEBUG] parameterize:   Atom 1274: element=C, lammps_type=3
[DEBUG] parameterize:   Atom 1275: element=H, lammps_type=1
[DEBUG] parameterize:   Atom 1276: element=C, lammps_type=6
[DEBUG] parameterize:   Atom 1277: element=H, lammps_type=5
[DEBUG] parameterize:   Atom 1278: element=H, lammps_type=5
[DEBUG] parameterize:   Atom 1279: element=H, lammps_type=8
[DEBUG] parameterize:   Atom 1280: element=C, lammps_type=14
[DEBUG] parameterize:   Atom 1281: element=C, lammps_type=12
[DEBUG] parameterize:   Atom 1282: element=H, lammps_type=13
[DEBUG] parameterize:   Atom 1283: element=H, lammps_type=13
[DEBUG] parameterize:   Atom 1284: element=C, lammps_type=15
[DEBUG] parameterize:   Atom 1285: element=H, lammps_type=16
[DEBUG] parameterize:   Atom 1286: element=C, lammps_type=2
[DEBUG] parameterize:   Atom 1287: element=C, lammps_type=2
[DEBUG] parameterize:   Atom 1288: element=C, lammps_type=3
[DEBUG] parameterize:   Atom 1289: element=H, lammps_type=1
[DEBUG] parameterize:   Atom 1290: element=C, lammps_type=3
[DEBUG] parameterize:   Atom 1291: element=H, lammps_type=1
[DEBUG] parameterize:   Atom 1292: element=C, lammps_type=6
[DEBUG] parameterize:   Atom 1293: element=H, lammps_type=5
[DEBUG] parameterize:   Atom 1294: element=H, lammps_type=5
[DEBUG] parameterize:   Atom 1295: element=H, lammps_type=8
[DEBUG] parameterize:   Atom 1296: element=C, lammps_type=14
[DEBUG] parameterize:   Atom 1297: element=C, lammps_type=12
[DEBUG] parameterize:   Atom 1298: element=H, lammps_type=13
[DEBUG] parameterize:   Atom 1299: element=H, lammps_type=13
[DEBUG] parameterize:   Atom 1300: element=C, lammps_type=15
[DEBUG] parameterize:   Atom 1301: element=H, lammps_type=16
[DEBUG] parameterize:   Atom 1302: element=C, lammps_type=2
[DEBUG] parameterize:   Atom 1303: element=C, lammps_type=2
[DEBUG] parameterize:   Atom 1304: element=C, lammps_type=3
[DEBUG] parameterize:   Atom 1305: element=H, lammps_type=1
[DEBUG] parameterize:   Atom 1306: element=C, lammps_type=3
[DEBUG] parameterize:   Atom 1307: element=H, lammps_type=1
[DEBUG] parameterize:   Atom 1308: element=C, lammps_type=6
[DEBUG] parameterize:   Atom 1309: element=H, lammps_type=5
[DEBUG] parameterize:   Atom 1310: element=H, lammps_type=5
[DEBUG] parameterize:   Atom 1311: element=H, lammps_type=8
[DEBUG] parameterize:   Atom 1312: element=C, lammps_type=14
[DEBUG] parameterize:   Atom 1313: element=C, lammps_type=12
[DEBUG] parameterize:   Atom 1314: element=H, lammps_type=13
[DEBUG] parameterize:   Atom 1315: element=H, lammps_type=13
[DEBUG] parameterize:   Atom 1316: element=C, lammps_type=15
[DEBUG] parameterize:   Atom 1317: element=H, lammps_type=16
[DEBUG] parameterize:   Atom 1318: element=C, lammps_type=2
[DEBUG] parameterize:   Atom 1319: element=C, lammps_type=2
[DEBUG] parameterize:   Atom 1320: element=C, lammps_type=3
[DEBUG] parameterize:   Atom 1321: element=H, lammps_type=1
[DEBUG] parameterize:   Atom 1322: element=C, lammps_type=3
[DEBUG] parameterize:   Atom 1323: element=H, lammps_type=1
[DEBUG] parameterize:   Atom 1324: element=C, lammps_type=6
[DEBUG] parameterize:   Atom 1325: element=H, lammps_type=5
[DEBUG] parameterize:   Atom 1326: element=H, lammps_type=5
[DEBUG] parameterize:   Atom 1327: element=H, lammps_type=8
[DEBUG] parameterize:   Atom 1328: element=C, lammps_type=14
[DEBUG] parameterize:   Atom 1329: element=C, lammps_type=12
[DEBUG] parameterize:   Atom 1330: element=H, lammps_type=13
[DEBUG] parameterize:   Atom 1331: element=H, lammps_type=13
[DEBUG] parameterize:   Atom 1332: element=C, lammps_type=15
[DEBUG] parameterize:   Atom 1333: element=H, lammps_type=16
[DEBUG] parameterize:   Atom 1334: element=C, lammps_type=2
[DEBUG] parameterize:   Atom 1335: element=C, lammps_type=2
[DEBUG] parameterize:   Atom 1336: element=C, lammps_type=3
[DEBUG] parameterize:   Atom 1337: element=H, lammps_type=1
[DEBUG] parameterize:   Atom 1338: element=C, lammps_type=3
[DEBUG] parameterize:   Atom 1339: element=H, lammps_type=1
[DEBUG] parameterize:   Atom 1340: element=C, lammps_type=6
[DEBUG] parameterize:   Atom 1341: element=H, lammps_type=5
[DEBUG] parameterize:   Atom 1342: element=H, lammps_type=5
[DEBUG] parameterize:   Atom 1343: element=H, lammps_type=8
[DEBUG] parameterize:   Atom 1344: element=C, lammps_type=14
[DEBUG] parameterize:   Atom 1345: element=C, lammps_type=12
[DEBUG] parameterize:   Atom 1346: element=H, lammps_type=13
[DEBUG] parameterize:   Atom 1347: element=H, lammps_type=13
[DEBUG] parameterize:   Atom 1348: element=C, lammps_type=15
[DEBUG] parameterize:   Atom 1349: element=H, lammps_type=16
[DEBUG] parameterize:   Atom 1350: element=C, lammps_type=2
[DEBUG] parameterize:   Atom 1351: element=C, lammps_type=2
[DEBUG] parameterize:   Atom 1352: element=C, lammps_type=3
[DEBUG] parameterize:   Atom 1353: element=H, lammps_type=1
[DEBUG] parameterize:   Atom 1354: element=C, lammps_type=3
[DEBUG] parameterize:   Atom 1355: element=H, lammps_type=1
[DEBUG] parameterize:   Atom 1356: element=C, lammps_type=6
[DEBUG] parameterize:   Atom 1357: element=H, lammps_type=5
[DEBUG] parameterize:   Atom 1358: element=H, lammps_type=5
[DEBUG] parameterize:   Atom 1359: element=H, lammps_type=8
[DEBUG] parameterize:   Atom 1360: element=C, lammps_type=14
[DEBUG] parameterize:   Atom 1361: element=C, lammps_type=12
[DEBUG] parameterize:   Atom 1362: element=H, lammps_type=13
[DEBUG] parameterize:   Atom 1363: element=H, lammps_type=13
[DEBUG] parameterize:   Atom 1364: element=C, lammps_type=15
[DEBUG] parameterize:   Atom 1365: element=H, lammps_type=16
[DEBUG] parameterize:   Atom 1366: element=C, lammps_type=2
[DEBUG] parameterize:   Atom 1367: element=C, lammps_type=2
[DEBUG] parameterize:   Atom 1368: element=C, lammps_type=3
[DEBUG] parameterize:   Atom 1369: element=H, lammps_type=1
[DEBUG] parameterize:   Atom 1370: element=C, lammps_type=3
[DEBUG] parameterize:   Atom 1371: element=H, lammps_type=1
[DEBUG] parameterize:   Atom 1372: element=C, lammps_type=6
[DEBUG] parameterize:   Atom 1373: element=H, lammps_type=5
[DEBUG] parameterize:   Atom 1374: element=H, lammps_type=5
[DEBUG] parameterize:   Atom 1375: element=H, lammps_type=8
[DEBUG] parameterize:   Atom 1376: element=C, lammps_type=14
[DEBUG] parameterize:   Atom 1377: element=C, lammps_type=12
[DEBUG] parameterize:   Atom 1378: element=H, lammps_type=13
[DEBUG] parameterize:   Atom 1379: element=H, lammps_type=13
[DEBUG] parameterize:   Atom 1380: element=C, lammps_type=15
[DEBUG] parameterize:   Atom 1381: element=H, lammps_type=16
[DEBUG] parameterize:   Atom 1382: element=C, lammps_type=2
[DEBUG] parameterize:   Atom 1383: element=C, lammps_type=2
[DEBUG] parameterize:   Atom 1384: element=C, lammps_type=3
[DEBUG] parameterize:   Atom 1385: element=H, lammps_type=1
[DEBUG] parameterize:   Atom 1386: element=C, lammps_type=3
[DEBUG] parameterize:   Atom 1387: element=H, lammps_type=1
[DEBUG] parameterize:   Atom 1388: element=C, lammps_type=6
[DEBUG] parameterize:   Atom 1389: element=H, lammps_type=5
[DEBUG] parameterize:   Atom 1390: element=H, lammps_type=5
[DEBUG] parameterize:   Atom 1391: element=H, lammps_type=8
[DEBUG] parameterize:   Atom 1392: element=C, lammps_type=14
[DEBUG] parameterize:   Atom 1393: element=C, lammps_type=12
[DEBUG] parameterize:   Atom 1394: element=H, lammps_type=13
[DEBUG] parameterize:   Atom 1395: element=H, lammps_type=13
[DEBUG] parameterize:   Atom 1396: element=C, lammps_type=15
[DEBUG] parameterize:   Atom 1397: element=H, lammps_type=16
[DEBUG] parameterize:   Atom 1398: element=C, lammps_type=2
[DEBUG] parameterize:   Atom 1399: element=C, lammps_type=2
[DEBUG] parameterize:   Atom 1400: element=C, lammps_type=3
[DEBUG] parameterize:   Atom 1401: element=H, lammps_type=1
[DEBUG] parameterize:   Atom 1402: element=C, lammps_type=3
[DEBUG] parameterize:   Atom 1403: element=H, lammps_type=1
[DEBUG] parameterize:   Atom 1404: element=C, lammps_type=6
[DEBUG] parameterize:   Atom 1405: element=H, lammps_type=5
[DEBUG] parameterize:   Atom 1406: element=H, lammps_type=5
[DEBUG] parameterize:   Atom 1407: element=H, lammps_type=8
[DEBUG] parameterize:   Atom 1408: element=C, lammps_type=14
[DEBUG] parameterize:   Atom 1409: element=C, lammps_type=12
[DEBUG] parameterize:   Atom 1410: element=H, lammps_type=13
[DEBUG] parameterize:   Atom 1411: element=H, lammps_type=13
[DEBUG] parameterize:   Atom 1412: element=C, lammps_type=15
[DEBUG] parameterize:   Atom 1413: element=H, lammps_type=16
[DEBUG] parameterize:   Atom 1414: element=C, lammps_type=2
[DEBUG] parameterize:   Atom 1415: element=C, lammps_type=2
[DEBUG] parameterize:   Atom 1416: element=C, lammps_type=3
[DEBUG] parameterize:   Atom 1417: element=H, lammps_type=1
[DEBUG] parameterize:   Atom 1418: element=C, lammps_type=3
[DEBUG] parameterize:   Atom 1419: element=H, lammps_type=1
[DEBUG] parameterize:   Atom 1420: element=C, lammps_type=6
[DEBUG] parameterize:   Atom 1421: element=H, lammps_type=5
[DEBUG] parameterize:   Atom 1422: element=H, lammps_type=5
[DEBUG] parameterize:   Atom 1423: element=H, lammps_type=8
[DEBUG] parameterize:   Atom 1424: element=C, lammps_type=14
[DEBUG] parameterize:   Atom 1425: element=C, lammps_type=12
[DEBUG] parameterize:   Atom 1426: element=H, lammps_type=13
[DEBUG] parameterize:   Atom 1427: element=H, lammps_type=13
[DEBUG] parameterize:   Atom 1428: element=C, lammps_type=15
[DEBUG] parameterize:   Atom 1429: element=H, lammps_type=16
[DEBUG] parameterize:   Atom 1430: element=C, lammps_type=2
[DEBUG] parameterize:   Atom 1431: element=C, lammps_type=2
[DEBUG] parameterize:   Atom 1432: element=C, lammps_type=3
[DEBUG] parameterize:   Atom 1433: element=H, lammps_type=1
[DEBUG] parameterize:   Atom 1434: element=C, lammps_type=3
[DEBUG] parameterize:   Atom 1435: element=H, lammps_type=1
[DEBUG] parameterize:   Atom 1436: element=C, lammps_type=6
[DEBUG] parameterize:   Atom 1437: element=H, lammps_type=5
[DEBUG] parameterize:   Atom 1438: element=H, lammps_type=5
[DEBUG] parameterize:   Atom 1439: element=H, lammps_type=8
[DEBUG] parameterize:   Atom 1440: element=C, lammps_type=14
[DEBUG] parameterize:   Atom 1441: element=C, lammps_type=12
[DEBUG] parameterize:   Atom 1442: element=H, lammps_type=13
[DEBUG] parameterize:   Atom 1443: element=H, lammps_type=13
[DEBUG] parameterize:   Atom 1444: element=C, lammps_type=15
[DEBUG] parameterize:   Atom 1445: element=H, lammps_type=16
[DEBUG] parameterize:   Atom 1446: element=C, lammps_type=2
[DEBUG] parameterize:   Atom 1447: element=C, lammps_type=2
[DEBUG] parameterize:   Atom 1448: element=C, lammps_type=3
[DEBUG] parameterize:   Atom 1449: element=H, lammps_type=1
[DEBUG] parameterize:   Atom 1450: element=C, lammps_type=3
[DEBUG] parameterize:   Atom 1451: element=H, lammps_type=1
[DEBUG] parameterize:   Atom 1452: element=C, lammps_type=6
[DEBUG] parameterize:   Atom 1453: element=H, lammps_type=5
[DEBUG] parameterize:   Atom 1454: element=H, lammps_type=5
[DEBUG] parameterize:   Atom 1455: element=H, lammps_type=8
[DEBUG] parameterize:   Atom 1456: element=C, lammps_type=14
[DEBUG] parameterize:   Atom 1457: element=C, lammps_type=12
[DEBUG] parameterize:   Atom 1458: element=H, lammps_type=13
[DEBUG] parameterize:   Atom 1459: element=H, lammps_type=13
[DEBUG] parameterize:   Atom 1460: element=C, lammps_type=15
[DEBUG] parameterize:   Atom 1461: element=H, lammps_type=16
[DEBUG] parameterize:   Atom 1462: element=C, lammps_type=2
[DEBUG] parameterize:   Atom 1463: element=C, lammps_type=2
[DEBUG] parameterize:   Atom 1464: element=C, lammps_type=3
[DEBUG] parameterize:   Atom 1465: element=H, lammps_type=1
[DEBUG] parameterize:   Atom 1466: element=C, lammps_type=3
[DEBUG] parameterize:   Atom 1467: element=H, lammps_type=1
[DEBUG] parameterize:   Atom 1468: element=C, lammps_type=6
[DEBUG] parameterize:   Atom 1469: element=H, lammps_type=5
[DEBUG] parameterize:   Atom 1470: element=H, lammps_type=5
[DEBUG] parameterize:   Atom 1471: element=H, lammps_type=8
[DEBUG] parameterize:   Atom 1472: element=C, lammps_type=14
[DEBUG] parameterize:   Atom 1473: element=C, lammps_type=12
[DEBUG] parameterize:   Atom 1474: element=H, lammps_type=13
[DEBUG] parameterize:   Atom 1475: element=H, lammps_type=13
[DEBUG] parameterize:   Atom 1476: element=C, lammps_type=15
[DEBUG] parameterize:   Atom 1477: element=H, lammps_type=16
[DEBUG] parameterize:   Atom 1478: element=C, lammps_type=2
[DEBUG] parameterize:   Atom 1479: element=C, lammps_type=2
[DEBUG] parameterize:   Atom 1480: element=C, lammps_type=3
[DEBUG] parameterize:   Atom 1481: element=H, lammps_type=1
[DEBUG] parameterize:   Atom 1482: element=C, lammps_type=3
[DEBUG] parameterize:   Atom 1483: element=H, lammps_type=1
[DEBUG] parameterize:   Atom 1484: element=C, lammps_type=6
[DEBUG] parameterize:   Atom 1485: element=H, lammps_type=5
[DEBUG] parameterize:   Atom 1486: element=H, lammps_type=5
[DEBUG] parameterize:   Atom 1487: element=H, lammps_type=8
[DEBUG] parameterize:   Atom 1488: element=C, lammps_type=14
[DEBUG] parameterize:   Atom 1489: element=C, lammps_type=12
[DEBUG] parameterize:   Atom 1490: element=H, lammps_type=13
[DEBUG] parameterize:   Atom 1491: element=H, lammps_type=13
[DEBUG] parameterize:   Atom 1492: element=C, lammps_type=15
[DEBUG] parameterize:   Atom 1493: element=H, lammps_type=16
[DEBUG] parameterize:   Atom 1494: element=C, lammps_type=2
[DEBUG] parameterize:   Atom 1495: element=C, lammps_type=2
[DEBUG] parameterize:   Atom 1496: element=C, lammps_type=3
[DEBUG] parameterize:   Atom 1497: element=H, lammps_type=1
[DEBUG] parameterize:   Atom 1498: element=C, lammps_type=3
[DEBUG] parameterize:   Atom 1499: element=H, lammps_type=1
[DEBUG] parameterize:   Atom 1500: element=C, lammps_type=6
[DEBUG] parameterize:   Atom 1501: element=H, lammps_type=5
[DEBUG] parameterize:   Atom 1502: element=H, lammps_type=5
[DEBUG] parameterize:   Atom 1503: element=H, lammps_type=8
[DEBUG] parameterize:   Atom 1504: element=C, lammps_type=14
[DEBUG] parameterize:   Atom 1505: element=C, lammps_type=12
[DEBUG] parameterize:   Atom 1506: element=H, lammps_type=13
[DEBUG] parameterize:   Atom 1507: element=H, lammps_type=13
[DEBUG] parameterize:   Atom 1508: element=C, lammps_type=15
[DEBUG] parameterize:   Atom 1509: element=H, lammps_type=16
[DEBUG] parameterize:   Atom 1510: element=C, lammps_type=2
[DEBUG] parameterize:   Atom 1511: element=C, lammps_type=2
[DEBUG] parameterize:   Atom 1512: element=C, lammps_type=3
[DEBUG] parameterize:   Atom 1513: element=H, lammps_type=1
[DEBUG] parameterize:   Atom 1514: element=C, lammps_type=3
[DEBUG] parameterize:   Atom 1515: element=H, lammps_type=1
[DEBUG] parameterize:   Atom 1516: element=C, lammps_type=6
[DEBUG] parameterize:   Atom 1517: element=H, lammps_type=5
[DEBUG] parameterize:   Atom 1518: element=H, lammps_type=5
[DEBUG] parameterize:   Atom 1519: element=H, lammps_type=8
[DEBUG] parameterize:   Atom 1520: element=C, lammps_type=18
[DEBUG] parameterize:   Atom 1521: element=C, lammps_type=17
[DEBUG] parameterize:   Atom 1522: element=H, lammps_type=20
[DEBUG] parameterize:   Atom 1523: element=H, lammps_type=20
[DEBUG] parameterize:   Atom 1524: element=C, lammps_type=15
[DEBUG] parameterize:   Atom 1525: element=H, lammps_type=16
[DEBUG] parameterize:   Atom 1526: element=C, lammps_type=2
[DEBUG] parameterize:   Atom 1527: element=C, lammps_type=2
[DEBUG] parameterize:   Atom 1528: element=C, lammps_type=3
[DEBUG] parameterize:   Atom 1529: element=H, lammps_type=1
[DEBUG] parameterize:   Atom 1530: element=C, lammps_type=3
[DEBUG] parameterize:   Atom 1531: element=H, lammps_type=1
[DEBUG] parameterize:   Atom 1532: element=C, lammps_type=6
[DEBUG] parameterize:   Atom 1533: element=H, lammps_type=5
[DEBUG] parameterize:   Atom 1534: element=H, lammps_type=5
[DEBUG] parameterize:   Atom 1535: element=H, lammps_type=8
[DEBUG] parameterize:   Atom 1536: element=H, lammps_type=24
[DEBUG] parameterize:   Atom 1537: element=C, lammps_type=21
[DEBUG] parameterize:   Atom 1538: element=C, lammps_type=19
[DEBUG] parameterize:   Atom 1539: element=H, lammps_type=24
[DEBUG] parameterize:   Atom 1540: element=H, lammps_type=24
[DEBUG] parameterize:   Atom 1541: element=C, lammps_type=22
[DEBUG] parameterize:   Atom 1542: element=H, lammps_type=23
[DEBUG] parameterize:   Atom 1543: element=C, lammps_type=25
[DEBUG] parameterize:   Atom 1544: element=C, lammps_type=25
[DEBUG] parameterize:   Atom 1545: element=C, lammps_type=3
[DEBUG] parameterize:   Atom 1546: element=H, lammps_type=1
[DEBUG] parameterize:   Atom 1547: element=C, lammps_type=3
[DEBUG] parameterize:   Atom 1548: element=H, lammps_type=1
[DEBUG] parameterize:   Atom 1549: element=C, lammps_type=6
[DEBUG] parameterize:   Atom 1550: element=H, lammps_type=5
[DEBUG] parameterize:   Atom 1551: element=H, lammps_type=5
[DEBUG] parameterize:   Atom 1552: element=H, lammps_type=8
[INFO] parameterize: Bond parameters: 1601 bonds, 9 unique types, 0 no match
[INFO] parameterize: Angle parameters: 2900 angles, 13 unique types, 0 no match
[INFO] parameterize: Dihedral parameters: 4291 dihedrals, 12 unique types, 0 no match
[INFO] parameterize: Improper parameters: 350 impropers, 2 unique types, 0 no match
[INFO] parameterize: Atom type assignment: 1552 atoms, 51 unique types, 0 no match
[INFO] parameterize:   hop3 matches: 1552
[INFO] parameterize:   hop2 matches: 0
[INFO] parameterize:   hop1 matches: 0
[INFO] parameterize:   hop0 matches: 0
[INFO] parameterize:   no match: 0
[INFO] parameterize: Total charge: 0.000000 (before: -0.105748, after step1: -0.105417, after step2: 0.000000, target: 0.0)
[INFO] parameterize: Output written to 50_ps_50_pmma.lmp
